ARM GAS  C:\Users\Kevin\AppData\Local\Temp\ccSrL0Ik.s 			page 1


   1              		.syntax unified
   2              		.cpu cortex-m4
   3              		.eabi_attribute 27, 3	@ Tag_ABI_HardFP_use
   4              		.eabi_attribute 28, 1	@ Tag_ABI_VFP_args
   5              		.fpu fpv4-sp-d16
   6              		.eabi_attribute 20, 1	@ Tag_ABI_FP_denormal
   7              		.eabi_attribute 21, 1	@ Tag_ABI_FP_exceptions
   8              		.eabi_attribute 23, 3	@ Tag_ABI_FP_number_model
   9              		.eabi_attribute 24, 1	@ Tag_ABI_align8_needed
  10              		.eabi_attribute 25, 1	@ Tag_ABI_align8_preserved
  11              		.eabi_attribute 26, 1	@ Tag_ABI_enum_size
  12              		.eabi_attribute 30, 4	@ Tag_ABI_optimization_goals
  13              		.eabi_attribute 34, 1	@ Tag_CPU_unaligned_access
  14              		.eabi_attribute 18, 4	@ Tag_ABI_PCS_wchar_t
  15              		.file	"misc.c"
  16              	@ GNU C (Sourcery CodeBench Lite 2012.09-63) version 4.7.2 (arm-none-eabi)
  17              	@	compiled by GNU C version 4.3.2, GMP version 5.0.5, MPFR version 3.1.1-p2, MPC version 1.0.1
  18              	@ GGC heuristics: --param ggc-min-expand=100 --param ggc-min-heapsize=131072
  19              	@ options passed:  -I . -I \STMSPINCDDIR -I .\stm32f4periph\inc
  20              	@ -I .\CMSIS\Include -I .\inc\commo\usb -I .\inc\commo -I .\inc\common
  21              	@ -I .\inc -imultilib thumb2
  22              	@ -iprefix k:\electronics\gcc\bin\../lib/gcc/arm-none-eabi/4.7.2/
  23              	@ -isysroot k:\electronics\gcc\bin\../arm-none-eabi
  24              	@ -MD .\stm32f4periph\src\misc.d -MF .dep\misc.o.d -MP
  25              	@ -MQ .\stm32f4periph\src\misc.o -D__USES_INITFINI__ -D STM32F0XX
  26              	@ -D USE_STDPERIPH_DRIVER -D RUN_FROM_FLASH=1
  27              	@ -D __CS_SOURCERYGXX_MAJ__=2012 -D __CS_SOURCERYGXX_MIN__=9
  28              	@ -D __CS_SOURCERYGXX_REV__=63 .\stm32f4periph\src\misc.c -mcpu=cortex-m4
  29              	@ -mfpu=fpv4-sp-d16 -mfloat-abi=hard -mthumb
  30              	@ -auxbase-strip .\stm32f4periph\src\misc.o -gdwarf-2 -Os -Wall
  31              	@ -Wstrict-prototypes -std=gnu99 -fomit-frame-pointer -fverbose-asm
  32              	@ options enabled:  -fauto-inc-dec -fbranch-count-reg -fcaller-saves
  33              	@ -fcombine-stack-adjustments -fcommon -fcompare-elim -fcprop-registers
  34              	@ -fcrossjumping -fcse-follow-jumps -fdebug-types-section -fdefer-pop
  35              	@ -fdelete-null-pointer-checks -fdevirtualize -fdwarf2-cfi-asm
  36              	@ -fearly-inlining -feliminate-unused-debug-types -fexpensive-optimizations
  37              	@ -fextension-elimination -fforward-propagate -ffunction-cse -fgcse
  38              	@ -fgcse-lm -fgnu-runtime -fguess-branch-probability -fident
  39              	@ -fif-conversion -fif-conversion2 -findirect-inlining -finline
  40              	@ -finline-atomics -finline-functions -finline-functions-called-once
  41              	@ -finline-small-functions -fipa-cp -fipa-profile -fipa-pure-const
  42              	@ -fipa-reference -fipa-sra -fira-share-save-slots -fira-share-spill-slots
  43              	@ -fivopts -fkeep-static-consts -fleading-underscore -fmath-errno
  44              	@ -fmerge-constants -fmerge-debug-strings -fmove-loop-invariants
  45              	@ -fomit-frame-pointer -foptimize-register-move -foptimize-sibling-calls
  46              	@ -fpartial-inlining -fpeephole -fpeephole2 -fprefetch-loop-arrays
  47              	@ -freg-struct-return -fregmove -freorder-blocks -freorder-functions
  48              	@ -frerun-cse-after-loop -fsched-critical-path-heuristic
  49              	@ -fsched-dep-count-heuristic -fsched-group-heuristic -fsched-interblock
  50              	@ -fsched-last-insn-heuristic -fsched-rank-heuristic -fsched-spec
  51              	@ -fsched-spec-insn-heuristic -fsched-stalled-insns-dep -fschedule-insns2
  52              	@ -fsection-anchors -fshow-column -fshrink-wrap -fsigned-zeros
  53              	@ -fsplit-ivs-in-unroller -fsplit-wide-types -fstrict-aliasing
  54              	@ -fstrict-overflow -fstrict-volatile-bitfields -fthread-jumps
  55              	@ -ftoplevel-reorder -ftrapping-math -ftree-bit-ccp -ftree-builtin-call-dce
  56              	@ -ftree-ccp -ftree-ch -ftree-copy-prop -ftree-copyrename -ftree-cselim
  57              	@ -ftree-dce -ftree-dominator-opts -ftree-dse -ftree-forwprop -ftree-fre
ARM GAS  C:\Users\Kevin\AppData\Local\Temp\ccSrL0Ik.s 			page 2


  58              	@ -ftree-if-to-switch-conversion -ftree-loop-if-convert -ftree-loop-im
  59              	@ -ftree-loop-ivcanon -ftree-loop-optimize -ftree-parallelize-loops=
  60              	@ -ftree-phiprop -ftree-pre -ftree-pta -ftree-reassoc -ftree-scev-cprop
  61              	@ -ftree-sink -ftree-slp-vectorize -ftree-sra -ftree-switch-conversion
  62              	@ -ftree-tail-merge -ftree-ter -ftree-vect-loop-version -ftree-vrp
  63              	@ -funit-at-a-time -fvar-tracking -fvar-tracking-assignments -fverbose-asm
  64              	@ -fzero-initialized-in-bss -mlittle-endian -msched-prolog -mthumb
  65              	@ -munaligned-access -mvectorize-with-neon-quad
  66              	
  67              		.text
  68              	.Ltext0:
  69              		.cfi_sections	.debug_frame
  70              		.align	1
  71              		.global	NVIC_PriorityGroupConfig
  72              		.thumb
  73              		.thumb_func
  74              		.type	NVIC_PriorityGroupConfig, %function
  75              	NVIC_PriorityGroupConfig:
  76              	.LFB110:
  77              		.file 1 ".\\stm32f4periph\\src\\misc.c"
   1:.\stm32f4periph\src/misc.c **** /**
   2:.\stm32f4periph\src/misc.c ****   ******************************************************************************
   3:.\stm32f4periph\src/misc.c ****   * @file    misc.c
   4:.\stm32f4periph\src/misc.c ****   * @author  MCD Application Team
   5:.\stm32f4periph\src/misc.c ****   * @version V1.0.2
   6:.\stm32f4periph\src/misc.c ****   * @date    05-March-2012
   7:.\stm32f4periph\src/misc.c ****   * @brief   This file provides all the miscellaneous firmware functions (add-on
   8:.\stm32f4periph\src/misc.c ****   *          to CMSIS functions).
   9:.\stm32f4periph\src/misc.c ****   *          
  10:.\stm32f4periph\src/misc.c ****   *  @verbatim   
  11:.\stm32f4periph\src/misc.c ****   *                               
  12:.\stm32f4periph\src/misc.c ****   *          ===================================================================      
  13:.\stm32f4periph\src/misc.c ****   *                        How to configure Interrupts using driver 
  14:.\stm32f4periph\src/misc.c ****   *          ===================================================================      
  15:.\stm32f4periph\src/misc.c ****   * 
  16:.\stm32f4periph\src/misc.c ****   *            This section provide functions allowing to configure the NVIC interrupts (IRQ).
  17:.\stm32f4periph\src/misc.c ****   *            The Cortex-M4 exceptions are managed by CMSIS functions.
  18:.\stm32f4periph\src/misc.c ****   *
  19:.\stm32f4periph\src/misc.c ****   *            1. Configure the NVIC Priority Grouping using NVIC_PriorityGroupConfig()
  20:.\stm32f4periph\src/misc.c ****   *                function according to the following table.
  21:.\stm32f4periph\src/misc.c ****  
  22:.\stm32f4periph\src/misc.c ****   *  The table below gives the allowed values of the pre-emption priority and subpriority according
  23:.\stm32f4periph\src/misc.c ****   *  to the Priority Grouping configuration performed by NVIC_PriorityGroupConfig function
  24:.\stm32f4periph\src/misc.c ****   *    ============================================================================================
  25:.\stm32f4periph\src/misc.c ****   *      NVIC_PriorityGroup   | NVIC_IRQChannelPreemptionPriority | NVIC_IRQChannelSubPriority  |  
  26:.\stm32f4periph\src/misc.c ****   *    ============================================================================================
  27:.\stm32f4periph\src/misc.c ****   *     NVIC_PriorityGroup_0  |                0                  |            0-15             | 0
  28:.\stm32f4periph\src/misc.c ****   *                           |                                   |                             | 4
  29:.\stm32f4periph\src/misc.c ****   *    --------------------------------------------------------------------------------------------
  30:.\stm32f4periph\src/misc.c ****   *     NVIC_PriorityGroup_1  |                0-1                |            0-7              | 1
  31:.\stm32f4periph\src/misc.c ****   *                           |                                   |                             | 3
  32:.\stm32f4periph\src/misc.c ****   *    --------------------------------------------------------------------------------------------
  33:.\stm32f4periph\src/misc.c ****   *     NVIC_PriorityGroup_2  |                0-3                |            0-3              | 2
  34:.\stm32f4periph\src/misc.c ****   *                           |                                   |                             | 2
  35:.\stm32f4periph\src/misc.c ****   *    --------------------------------------------------------------------------------------------
  36:.\stm32f4periph\src/misc.c ****   *     NVIC_PriorityGroup_3  |                0-7                |            0-1              | 3
  37:.\stm32f4periph\src/misc.c ****   *                           |                                   |                             | 1
ARM GAS  C:\Users\Kevin\AppData\Local\Temp\ccSrL0Ik.s 			page 3


  38:.\stm32f4periph\src/misc.c ****   *    --------------------------------------------------------------------------------------------
  39:.\stm32f4periph\src/misc.c ****   *     NVIC_PriorityGroup_4  |                0-15               |            0                | 4
  40:.\stm32f4periph\src/misc.c ****   *                           |                                   |                             | 0
  41:.\stm32f4periph\src/misc.c ****   *    ============================================================================================
  42:.\stm32f4periph\src/misc.c ****   *
  43:.\stm32f4periph\src/misc.c ****   *            2. Enable and Configure the priority of the selected IRQ Channels using NVIC_Init() 
  44:.\stm32f4periph\src/misc.c ****   *
  45:.\stm32f4periph\src/misc.c ****   * @note  When the NVIC_PriorityGroup_0 is selected, IRQ pre-emption is no more possible. 
  46:.\stm32f4periph\src/misc.c ****   *        The pending IRQ priority will be managed only by the subpriority.
  47:.\stm32f4periph\src/misc.c ****   *
  48:.\stm32f4periph\src/misc.c ****   * @note  IRQ priority order (sorted by highest to lowest priority):
  49:.\stm32f4periph\src/misc.c ****   *         - Lowest pre-emption priority
  50:.\stm32f4periph\src/misc.c ****   *         - Lowest subpriority
  51:.\stm32f4periph\src/misc.c ****   *         - Lowest hardware priority (IRQ number)
  52:.\stm32f4periph\src/misc.c ****   *
  53:.\stm32f4periph\src/misc.c ****   *  @endverbatim
  54:.\stm32f4periph\src/misc.c ****   *
  55:.\stm32f4periph\src/misc.c ****   ******************************************************************************
  56:.\stm32f4periph\src/misc.c ****   * @attention
  57:.\stm32f4periph\src/misc.c ****   *
  58:.\stm32f4periph\src/misc.c ****   * <h2><center>&copy; COPYRIGHT 2012 STMicroelectronics</center></h2>
  59:.\stm32f4periph\src/misc.c ****   *
  60:.\stm32f4periph\src/misc.c ****   * Licensed under MCD-ST Liberty SW License Agreement V2, (the "License");
  61:.\stm32f4periph\src/misc.c ****   * You may not use this file except in compliance with the License.
  62:.\stm32f4periph\src/misc.c ****   * You may obtain a copy of the License at:
  63:.\stm32f4periph\src/misc.c ****   *
  64:.\stm32f4periph\src/misc.c ****   *        http://www.st.com/software_license_agreement_liberty_v2
  65:.\stm32f4periph\src/misc.c ****   *
  66:.\stm32f4periph\src/misc.c ****   * Unless required by applicable law or agreed to in writing, software 
  67:.\stm32f4periph\src/misc.c ****   * distributed under the License is distributed on an "AS IS" BASIS, 
  68:.\stm32f4periph\src/misc.c ****   * WITHOUT WARRANTIES OR CONDITIONS OF ANY KIND, either express or implied.
  69:.\stm32f4periph\src/misc.c ****   * See the License for the specific language governing permissions and
  70:.\stm32f4periph\src/misc.c ****   * limitations under the License.
  71:.\stm32f4periph\src/misc.c ****   *
  72:.\stm32f4periph\src/misc.c ****   ******************************************************************************
  73:.\stm32f4periph\src/misc.c ****   */
  74:.\stm32f4periph\src/misc.c **** 
  75:.\stm32f4periph\src/misc.c **** /* Includes ------------------------------------------------------------------*/
  76:.\stm32f4periph\src/misc.c **** #include "misc.h"
  77:.\stm32f4periph\src/misc.c **** #define assert_param(expr) ((void)0)
  78:.\stm32f4periph\src/misc.c **** /** @addtogroup STM32F4xx_StdPeriph_Driver
  79:.\stm32f4periph\src/misc.c ****   * @{
  80:.\stm32f4periph\src/misc.c ****   */
  81:.\stm32f4periph\src/misc.c **** 
  82:.\stm32f4periph\src/misc.c **** /** @defgroup MISC 
  83:.\stm32f4periph\src/misc.c ****   * @brief MISC driver modules
  84:.\stm32f4periph\src/misc.c ****   * @{
  85:.\stm32f4periph\src/misc.c ****   */
  86:.\stm32f4periph\src/misc.c **** 
  87:.\stm32f4periph\src/misc.c **** /* Private typedef -----------------------------------------------------------*/
  88:.\stm32f4periph\src/misc.c **** /* Private define ------------------------------------------------------------*/
  89:.\stm32f4periph\src/misc.c **** #define AIRCR_VECTKEY_MASK    ((uint32_t)0x05FA0000)
  90:.\stm32f4periph\src/misc.c **** 
  91:.\stm32f4periph\src/misc.c **** /* Private macro -------------------------------------------------------------*/
  92:.\stm32f4periph\src/misc.c **** /* Private variables ---------------------------------------------------------*/
  93:.\stm32f4periph\src/misc.c **** /* Private function prototypes -----------------------------------------------*/
  94:.\stm32f4periph\src/misc.c **** /* Private functions ---------------------------------------------------------*/
ARM GAS  C:\Users\Kevin\AppData\Local\Temp\ccSrL0Ik.s 			page 4


  95:.\stm32f4periph\src/misc.c **** 
  96:.\stm32f4periph\src/misc.c **** /** @defgroup MISC_Private_Functions
  97:.\stm32f4periph\src/misc.c ****   * @{
  98:.\stm32f4periph\src/misc.c ****   */
  99:.\stm32f4periph\src/misc.c **** 
 100:.\stm32f4periph\src/misc.c **** /**
 101:.\stm32f4periph\src/misc.c ****   * @brief  Configures the priority grouping: pre-emption priority and subpriority.
 102:.\stm32f4periph\src/misc.c ****   * @param  NVIC_PriorityGroup: specifies the priority grouping bits length. 
 103:.\stm32f4periph\src/misc.c ****   *   This parameter can be one of the following values:
 104:.\stm32f4periph\src/misc.c ****   *     @arg NVIC_PriorityGroup_0: 0 bits for pre-emption priority
 105:.\stm32f4periph\src/misc.c ****   *                                4 bits for subpriority
 106:.\stm32f4periph\src/misc.c ****   *     @arg NVIC_PriorityGroup_1: 1 bits for pre-emption priority
 107:.\stm32f4periph\src/misc.c ****   *                                3 bits for subpriority
 108:.\stm32f4periph\src/misc.c ****   *     @arg NVIC_PriorityGroup_2: 2 bits for pre-emption priority
 109:.\stm32f4periph\src/misc.c ****   *                                2 bits for subpriority
 110:.\stm32f4periph\src/misc.c ****   *     @arg NVIC_PriorityGroup_3: 3 bits for pre-emption priority
 111:.\stm32f4periph\src/misc.c ****   *                                1 bits for subpriority
 112:.\stm32f4periph\src/misc.c ****   *     @arg NVIC_PriorityGroup_4: 4 bits for pre-emption priority
 113:.\stm32f4periph\src/misc.c ****   *                                0 bits for subpriority
 114:.\stm32f4periph\src/misc.c ****   * @note   When the NVIC_PriorityGroup_0 is selected, IRQ pre-emption is no more possible. 
 115:.\stm32f4periph\src/misc.c ****   *         The pending IRQ priority will be managed only by the subpriority. 
 116:.\stm32f4periph\src/misc.c ****   * @retval None
 117:.\stm32f4periph\src/misc.c ****   */
 118:.\stm32f4periph\src/misc.c **** void NVIC_PriorityGroupConfig(uint32_t NVIC_PriorityGroup)
 119:.\stm32f4periph\src/misc.c **** {
  78              		.loc 1 119 0
  79              		.cfi_startproc
  80              		@ args = 0, pretend = 0, frame = 0
  81              		@ frame_needed = 0, uses_anonymous_args = 0
  82              		@ link register save eliminated.
  83              	.LVL0:
 120:.\stm32f4periph\src/misc.c ****   /* Check the parameters */
 121:.\stm32f4periph\src/misc.c ****   assert_param(IS_NVIC_PRIORITY_GROUP(NVIC_PriorityGroup));
 122:.\stm32f4periph\src/misc.c ****   
 123:.\stm32f4periph\src/misc.c ****   /* Set the PRIGROUP[10:8] bits according to NVIC_PriorityGroup value */
 124:.\stm32f4periph\src/misc.c ****   SCB->AIRCR = AIRCR_VECTKEY_MASK | NVIC_PriorityGroup;
  84              		.loc 1 124 0
  85 0000 40F0BF60 		orr	r0, r0, #100139008	@ tmp136, NVIC_PriorityGroup,
  86              	.LVL1:
  87 0004 024B     		ldr	r3, .L2	@ tmp137,
  88 0006 40F40030 		orr	r0, r0, #131072	@ D.7366, tmp136,
  89 000a D860     		str	r0, [r3, #12]	@ D.7366, MEM[(struct SCB_Type *)3758157056B].AIRCR
  90 000c 7047     		bx	lr	@
  91              	.L3:
  92 000e 00BF     		.align	2
  93              	.L2:
  94 0010 00ED00E0 		.word	-536810240
  95              		.cfi_endproc
  96              	.LFE110:
  97              		.size	NVIC_PriorityGroupConfig, .-NVIC_PriorityGroupConfig
  98              		.align	1
  99              		.global	NVIC_Init
 100              		.thumb
 101              		.thumb_func
 102              		.type	NVIC_Init, %function
 103              	NVIC_Init:
 104              	.LFB111:
ARM GAS  C:\Users\Kevin\AppData\Local\Temp\ccSrL0Ik.s 			page 5


 125:.\stm32f4periph\src/misc.c **** }
 126:.\stm32f4periph\src/misc.c **** 
 127:.\stm32f4periph\src/misc.c **** /**
 128:.\stm32f4periph\src/misc.c ****   * @brief  Initializes the NVIC peripheral according to the specified
 129:.\stm32f4periph\src/misc.c ****   *         parameters in the NVIC_InitStruct.
 130:.\stm32f4periph\src/misc.c ****   * @note   To configure interrupts priority correctly, the NVIC_PriorityGroupConfig()
 131:.\stm32f4periph\src/misc.c ****   *         function should be called before. 
 132:.\stm32f4periph\src/misc.c ****   * @param  NVIC_InitStruct: pointer to a NVIC_InitTypeDef structure that contains
 133:.\stm32f4periph\src/misc.c ****   *         the configuration information for the specified NVIC peripheral.
 134:.\stm32f4periph\src/misc.c ****   * @retval None
 135:.\stm32f4periph\src/misc.c ****   */
 136:.\stm32f4periph\src/misc.c **** void NVIC_Init(NVIC_InitTypeDef* NVIC_InitStruct)
 137:.\stm32f4periph\src/misc.c **** {
 105              		.loc 1 137 0
 106              		.cfi_startproc
 107              		@ args = 0, pretend = 0, frame = 0
 108              		@ frame_needed = 0, uses_anonymous_args = 0
 109              		@ link register save eliminated.
 110              	.LVL2:
 138:.\stm32f4periph\src/misc.c ****   uint8_t tmppriority = 0x00, tmppre = 0x00, tmpsub = 0x0F;
 139:.\stm32f4periph\src/misc.c ****   
 140:.\stm32f4periph\src/misc.c ****   /* Check the parameters */
 141:.\stm32f4periph\src/misc.c ****   assert_param(IS_FUNCTIONAL_STATE(NVIC_InitStruct->NVIC_IRQChannelCmd));
 142:.\stm32f4periph\src/misc.c ****   assert_param(IS_NVIC_PREEMPTION_PRIORITY(NVIC_InitStruct->NVIC_IRQChannelPreemptionPriority));  
 143:.\stm32f4periph\src/misc.c ****   assert_param(IS_NVIC_SUB_PRIORITY(NVIC_InitStruct->NVIC_IRQChannelSubPriority));
 144:.\stm32f4periph\src/misc.c ****     
 145:.\stm32f4periph\src/misc.c ****   if (NVIC_InitStruct->NVIC_IRQChannelCmd != DISABLE)
 111              		.loc 1 145 0
 112 0014 C378     		ldrb	r3, [r0, #3]	@ zero_extendqisi2	@ NVIC_InitStruct_4(D)->NVIC_IRQChannelCmd, NVIC_InitStruct_4
 113 0016 0BB3     		cbz	r3, .L5	@ NVIC_InitStruct_4(D)->NVIC_IRQChannelCmd,
 146:.\stm32f4periph\src/misc.c ****   {
 147:.\stm32f4periph\src/misc.c ****     /* Compute the Corresponding IRQ Priority --------------------------------*/    
 148:.\stm32f4periph\src/misc.c ****     tmppriority = (0x700 - ((SCB->AIRCR) & (uint32_t)0x700))>> 0x08;
 114              		.loc 1 148 0
 115 0018 164B     		ldr	r3, .L8	@ tmp169,
 149:.\stm32f4periph\src/misc.c ****     tmppre = (0x4 - tmppriority);
 150:.\stm32f4periph\src/misc.c ****     tmpsub = tmpsub >> tmppriority;
 151:.\stm32f4periph\src/misc.c **** 
 152:.\stm32f4periph\src/misc.c ****     tmppriority = NVIC_InitStruct->NVIC_IRQChannelPreemptionPriority << tmppre;
 116              		.loc 1 152 0
 117 001a 4178     		ldrb	r1, [r0, #1]	@ zero_extendqisi2	@ NVIC_InitStruct_4(D)->NVIC_IRQChannelPreemptionPriority, NV
 148:.\stm32f4periph\src/misc.c ****     tmppriority = (0x700 - ((SCB->AIRCR) & (uint32_t)0x700))>> 0x08;
 118              		.loc 1 148 0
 119 001c DB68     		ldr	r3, [r3, #12]	@ D.7344, MEM[(struct SCB_Type *)3758157056B].AIRCR
 120 001e DB43     		mvns	r3, r3	@ tmp170, D.7344
 121 0020 C3F30223 		ubfx	r3, r3, #8, #3	@ D.7370, tmp170,,
 122              	.LVL3:
 149:.\stm32f4periph\src/misc.c ****     tmppre = (0x4 - tmppriority);
 123              		.loc 1 149 0
 124 0024 C3F10402 		rsb	r2, r3, #4	@ tmp174, D.7370,
 125              		.loc 1 152 0
 126 0028 D2B2     		uxtb	r2, r2	@ tmp175, tmp174
 127 002a 01FA02F2 		lsl	r2, r1, r2	@ D.7354, NVIC_InitStruct_4(D)->NVIC_IRQChannelPreemptionPriority, tmp175
 150:.\stm32f4periph\src/misc.c ****     tmpsub = tmpsub >> tmppriority;
 128              		.loc 1 150 0
 129 002e 0F21     		movs	r1, #15	@ tmp177,
 130 0030 41FA03F3 		asr	r3, r1, r3	@ tmp176, tmp177, D.7370
ARM GAS  C:\Users\Kevin\AppData\Local\Temp\ccSrL0Ik.s 			page 6


 131              	.LVL4:
 153:.\stm32f4periph\src/misc.c ****     tmppriority |=  (uint8_t)(NVIC_InitStruct->NVIC_IRQChannelSubPriority & tmpsub);
 132              		.loc 1 153 0
 133 0034 8178     		ldrb	r1, [r0, #2]	@ zero_extendqisi2	@ NVIC_InitStruct_4(D)->NVIC_IRQChannelSubPriority, NVIC_Init
 152:.\stm32f4periph\src/misc.c ****     tmppriority = NVIC_InitStruct->NVIC_IRQChannelPreemptionPriority << tmppre;
 134              		.loc 1 152 0
 135 0036 D2B2     		uxtb	r2, r2	@ tmppriority, D.7354
 136              	.LVL5:
 137              		.loc 1 153 0
 138 0038 0B40     		ands	r3, r3, r1	@, tmp181, tmp176, NVIC_InitStruct_4(D)->NVIC_IRQChannelSubPriority
 139 003a 1A43     		orrs	r2, r2, r3	@, tmppriority, tmppriority, tmp181
 140              	.LVL6:
 154:.\stm32f4periph\src/misc.c ****         
 155:.\stm32f4periph\src/misc.c ****     tmppriority = tmppriority << 0x04;
 156:.\stm32f4periph\src/misc.c ****         
 157:.\stm32f4periph\src/misc.c ****     NVIC->IP[NVIC_InitStruct->NVIC_IRQChannel] = tmppriority;
 141              		.loc 1 157 0
 142 003c 0378     		ldrb	r3, [r0, #0]	@ zero_extendqisi2	@ D.7359, NVIC_InitStruct_4(D)->NVIC_IRQChannel
 143 003e 03F16043 		add	r3, r3, #-536870912	@ tmp186, D.7359,
 144 0042 03F56143 		add	r3, r3, #57600	@ tmp186, tmp186,
 155:.\stm32f4periph\src/misc.c ****     tmppriority = tmppriority << 0x04;
 145              		.loc 1 155 0
 146 0046 1201     		lsls	r2, r2, #4	@ tmp184, tmppriority,
 147              	.LVL7:
 148              		.loc 1 157 0
 149 0048 83F80023 		strb	r2, [r3, #768]	@ tmppriority, MEM[(struct NVIC_Type *)3758153984B].IP
 158:.\stm32f4periph\src/misc.c ****     
 159:.\stm32f4periph\src/misc.c ****     /* Enable the Selected IRQ Channels --------------------------------------*/
 160:.\stm32f4periph\src/misc.c ****     NVIC->ISER[NVIC_InitStruct->NVIC_IRQChannel >> 0x05] =
 150              		.loc 1 160 0
 151 004c 0378     		ldrb	r3, [r0, #0]	@ zero_extendqisi2	@ D.7358, NVIC_InitStruct_4(D)->NVIC_IRQChannel
 161:.\stm32f4periph\src/misc.c ****       (uint32_t)0x01 << (NVIC_InitStruct->NVIC_IRQChannel & (uint8_t)0x1F);
 152              		.loc 1 161 0
 153 004e 0122     		movs	r2, #1	@ tmp191,
 154              	.LVL8:
 160:.\stm32f4periph\src/misc.c ****     NVIC->ISER[NVIC_InitStruct->NVIC_IRQChannel >> 0x05] =
 155              		.loc 1 160 0
 156 0050 5909     		lsrs	r1, r3, #5	@ D.7361, D.7358,
 157              		.loc 1 161 0
 158 0052 03F01F03 		and	r3, r3, #31	@ tmp190, D.7358,
 159 0056 02FA03F3 		lsl	r3, r2, r3	@ D.7363, tmp191, tmp190
 160 005a 07E0     		b	.L7	@
 161              	.LVL9:
 162              	.L5:
 162:.\stm32f4periph\src/misc.c ****   }
 163:.\stm32f4periph\src/misc.c ****   else
 164:.\stm32f4periph\src/misc.c ****   {
 165:.\stm32f4periph\src/misc.c ****     /* Disable the Selected IRQ Channels -------------------------------------*/
 166:.\stm32f4periph\src/misc.c ****     NVIC->ICER[NVIC_InitStruct->NVIC_IRQChannel >> 0x05] =
 163              		.loc 1 166 0
 164 005c 0378     		ldrb	r3, [r0, #0]	@ zero_extendqisi2	@ D.7358, NVIC_InitStruct_4(D)->NVIC_IRQChannel
 167:.\stm32f4periph\src/misc.c ****       (uint32_t)0x01 << (NVIC_InitStruct->NVIC_IRQChannel & (uint8_t)0x1F);
 165              		.loc 1 167 0
 166 005e 0122     		movs	r2, #1	@ tmp196,
 166:.\stm32f4periph\src/misc.c ****     NVIC->ICER[NVIC_InitStruct->NVIC_IRQChannel >> 0x05] =
 167              		.loc 1 166 0
 168 0060 5909     		lsrs	r1, r3, #5	@ D.7361, D.7358,
ARM GAS  C:\Users\Kevin\AppData\Local\Temp\ccSrL0Ik.s 			page 7


 169              		.loc 1 167 0
 170 0062 03F01F03 		and	r3, r3, #31	@ tmp195, D.7358,
 171 0066 02FA03F3 		lsl	r3, r2, r3	@ D.7363, tmp196, tmp195
 166:.\stm32f4periph\src/misc.c ****     NVIC->ICER[NVIC_InitStruct->NVIC_IRQChannel >> 0x05] =
 172              		.loc 1 166 0
 173 006a 2031     		adds	r1, r1, #32	@ tmp198, D.7361,
 174              	.LVL10:
 175              	.L7:
 176 006c 024A     		ldr	r2, .L8+4	@ tmp197,
 177 006e 42F82130 		str	r3, [r2, r1, lsl #2]	@ D.7363,
 178 0072 7047     		bx	lr	@
 179              	.L9:
 180              		.align	2
 181              	.L8:
 182 0074 00ED00E0 		.word	-536810240
 183 0078 00E100E0 		.word	-536813312
 184              		.cfi_endproc
 185              	.LFE111:
 186              		.size	NVIC_Init, .-NVIC_Init
 187              		.align	1
 188              		.global	NVIC_SetVectorTable
 189              		.thumb
 190              		.thumb_func
 191              		.type	NVIC_SetVectorTable, %function
 192              	NVIC_SetVectorTable:
 193              	.LFB112:
 168:.\stm32f4periph\src/misc.c ****   }
 169:.\stm32f4periph\src/misc.c **** }
 170:.\stm32f4periph\src/misc.c **** 
 171:.\stm32f4periph\src/misc.c **** /**
 172:.\stm32f4periph\src/misc.c ****   * @brief  Sets the vector table location and Offset.
 173:.\stm32f4periph\src/misc.c ****   * @param  NVIC_VectTab: specifies if the vector table is in RAM or FLASH memory.
 174:.\stm32f4periph\src/misc.c ****   *   This parameter can be one of the following values:
 175:.\stm32f4periph\src/misc.c ****   *     @arg NVIC_VectTab_RAM: Vector Table in internal SRAM.
 176:.\stm32f4periph\src/misc.c ****   *     @arg NVIC_VectTab_FLASH: Vector Table in internal FLASH.
 177:.\stm32f4periph\src/misc.c ****   * @param  Offset: Vector Table base offset field. This value must be a multiple of 0x200.
 178:.\stm32f4periph\src/misc.c ****   * @retval None
 179:.\stm32f4periph\src/misc.c ****   */
 180:.\stm32f4periph\src/misc.c **** void NVIC_SetVectorTable(uint32_t NVIC_VectTab, uint32_t Offset)
 181:.\stm32f4periph\src/misc.c **** { 
 194              		.loc 1 181 0
 195              		.cfi_startproc
 196              		@ args = 0, pretend = 0, frame = 0
 197              		@ frame_needed = 0, uses_anonymous_args = 0
 198              		@ link register save eliminated.
 199              	.LVL11:
 182:.\stm32f4periph\src/misc.c ****   /* Check the parameters */
 183:.\stm32f4periph\src/misc.c ****   assert_param(IS_NVIC_VECTTAB(NVIC_VectTab));
 184:.\stm32f4periph\src/misc.c ****   assert_param(IS_NVIC_OFFSET(Offset));  
 185:.\stm32f4periph\src/misc.c ****    
 186:.\stm32f4periph\src/misc.c ****   SCB->VTOR = NVIC_VectTab | (Offset & (uint32_t)0x1FFFFF80);
 200              		.loc 1 186 0
 201 007c 21F06041 		bic	r1, r1, #-536870912	@ tmp139, Offset,
 202              	.LVL12:
 203 0080 21F07F01 		bic	r1, r1, #127	@ tmp138, tmp139,
 204 0084 014B     		ldr	r3, .L11	@ tmp140,
 205 0086 0843     		orrs	r0, r0, r1	@, D.7339, NVIC_VectTab, tmp138
ARM GAS  C:\Users\Kevin\AppData\Local\Temp\ccSrL0Ik.s 			page 8


 206              	.LVL13:
 207 0088 9860     		str	r0, [r3, #8]	@ D.7339, MEM[(struct SCB_Type *)3758157056B].VTOR
 208 008a 7047     		bx	lr	@
 209              	.L12:
 210              		.align	2
 211              	.L11:
 212 008c 00ED00E0 		.word	-536810240
 213              		.cfi_endproc
 214              	.LFE112:
 215              		.size	NVIC_SetVectorTable, .-NVIC_SetVectorTable
 216              		.align	1
 217              		.global	NVIC_SystemLPConfig
 218              		.thumb
 219              		.thumb_func
 220              		.type	NVIC_SystemLPConfig, %function
 221              	NVIC_SystemLPConfig:
 222              	.LFB113:
 187:.\stm32f4periph\src/misc.c **** }
 188:.\stm32f4periph\src/misc.c **** 
 189:.\stm32f4periph\src/misc.c **** /**
 190:.\stm32f4periph\src/misc.c ****   * @brief  Selects the condition for the system to enter low power mode.
 191:.\stm32f4periph\src/misc.c ****   * @param  LowPowerMode: Specifies the new mode for the system to enter low power mode.
 192:.\stm32f4periph\src/misc.c ****   *   This parameter can be one of the following values:
 193:.\stm32f4periph\src/misc.c ****   *     @arg NVIC_LP_SEVONPEND: Low Power SEV on Pend.
 194:.\stm32f4periph\src/misc.c ****   *     @arg NVIC_LP_SLEEPDEEP: Low Power DEEPSLEEP request.
 195:.\stm32f4periph\src/misc.c ****   *     @arg NVIC_LP_SLEEPONEXIT: Low Power Sleep on Exit.
 196:.\stm32f4periph\src/misc.c ****   * @param  NewState: new state of LP condition. This parameter can be: ENABLE or DISABLE.
 197:.\stm32f4periph\src/misc.c ****   * @retval None
 198:.\stm32f4periph\src/misc.c ****   */
 199:.\stm32f4periph\src/misc.c **** void NVIC_SystemLPConfig(uint8_t LowPowerMode, FunctionalState NewState)
 200:.\stm32f4periph\src/misc.c **** {
 223              		.loc 1 200 0
 224              		.cfi_startproc
 225              		@ args = 0, pretend = 0, frame = 0
 226              		@ frame_needed = 0, uses_anonymous_args = 0
 227              		@ link register save eliminated.
 228              	.LVL14:
 229 0090 044B     		ldr	r3, .L17	@ tmp148,
 201:.\stm32f4periph\src/misc.c ****   /* Check the parameters */
 202:.\stm32f4periph\src/misc.c ****   assert_param(IS_NVIC_LP(LowPowerMode));
 203:.\stm32f4periph\src/misc.c ****   assert_param(IS_FUNCTIONAL_STATE(NewState));  
 204:.\stm32f4periph\src/misc.c ****   
 205:.\stm32f4periph\src/misc.c ****   if (NewState != DISABLE)
 206:.\stm32f4periph\src/misc.c ****   {
 207:.\stm32f4periph\src/misc.c ****     SCB->SCR |= LowPowerMode;
 230              		.loc 1 207 0
 231 0092 1A69     		ldr	r2, [r3, #16]	@ D.7330,
 205:.\stm32f4periph\src/misc.c ****   if (NewState != DISABLE)
 232              		.loc 1 205 0
 233 0094 09B1     		cbz	r1, .L14	@ NewState,
 234              		.loc 1 207 0
 235 0096 1043     		orrs	r0, r0, r2	@, D.7332, LowPowerMode, D.7330
 236              	.LVL15:
 237 0098 01E0     		b	.L16	@
 238              	.LVL16:
 239              	.L14:
 208:.\stm32f4periph\src/misc.c ****   }
ARM GAS  C:\Users\Kevin\AppData\Local\Temp\ccSrL0Ik.s 			page 9


 209:.\stm32f4periph\src/misc.c ****   else
 210:.\stm32f4periph\src/misc.c ****   {
 211:.\stm32f4periph\src/misc.c ****     SCB->SCR &= (uint32_t)(~(uint32_t)LowPowerMode);
 240              		.loc 1 211 0
 241 009a 22EA0000 		bic	r0, r2, r0	@ D.7336, D.7334, LowPowerMode
 242              	.LVL17:
 243              	.L16:
 244 009e 1861     		str	r0, [r3, #16]	@ D.7336,
 245 00a0 7047     		bx	lr	@
 246              	.L18:
 247 00a2 00BF     		.align	2
 248              	.L17:
 249 00a4 00ED00E0 		.word	-536810240
 250              		.cfi_endproc
 251              	.LFE113:
 252              		.size	NVIC_SystemLPConfig, .-NVIC_SystemLPConfig
 253              		.align	1
 254              		.global	SysTick_CLKSourceConfig
 255              		.thumb
 256              		.thumb_func
 257              		.type	SysTick_CLKSourceConfig, %function
 258              	SysTick_CLKSourceConfig:
 259              	.LFB114:
 212:.\stm32f4periph\src/misc.c ****   }
 213:.\stm32f4periph\src/misc.c **** }
 214:.\stm32f4periph\src/misc.c **** 
 215:.\stm32f4periph\src/misc.c **** /**
 216:.\stm32f4periph\src/misc.c ****   * @brief  Configures the SysTick clock source.
 217:.\stm32f4periph\src/misc.c ****   * @param  SysTick_CLKSource: specifies the SysTick clock source.
 218:.\stm32f4periph\src/misc.c ****   *   This parameter can be one of the following values:
 219:.\stm32f4periph\src/misc.c ****   *     @arg SysTick_CLKSource_HCLK_Div8: AHB clock divided by 8 selected as SysTick clock source.
 220:.\stm32f4periph\src/misc.c ****   *     @arg SysTick_CLKSource_HCLK: AHB clock selected as SysTick clock source.
 221:.\stm32f4periph\src/misc.c ****   * @retval None
 222:.\stm32f4periph\src/misc.c ****   */
 223:.\stm32f4periph\src/misc.c **** void SysTick_CLKSourceConfig(uint32_t SysTick_CLKSource)
 224:.\stm32f4periph\src/misc.c **** {
 260              		.loc 1 224 0
 261              		.cfi_startproc
 262              		@ args = 0, pretend = 0, frame = 0
 263              		@ frame_needed = 0, uses_anonymous_args = 0
 264              		@ link register save eliminated.
 265              	.LVL18:
 266 00a8 044B     		ldr	r3, .L23	@ tmp143,
 225:.\stm32f4periph\src/misc.c ****   /* Check the parameters */
 226:.\stm32f4periph\src/misc.c ****   assert_param(IS_SYSTICK_CLK_SOURCE(SysTick_CLKSource));
 227:.\stm32f4periph\src/misc.c ****   if (SysTick_CLKSource == SysTick_CLKSource_HCLK)
 228:.\stm32f4periph\src/misc.c ****   {
 229:.\stm32f4periph\src/misc.c ****     SysTick->CTRL |= SysTick_CLKSource_HCLK;
 267              		.loc 1 229 0
 268 00aa 1A68     		ldr	r2, [r3, #0]	@ D.7322,
 227:.\stm32f4periph\src/misc.c ****   if (SysTick_CLKSource == SysTick_CLKSource_HCLK)
 269              		.loc 1 227 0
 270 00ac 0428     		cmp	r0, #4	@ SysTick_CLKSource,
 271              		.loc 1 229 0
 272 00ae 0CBF     		ite	eq
 273 00b0 42F00402 		orreq	r2, r2, #4	@ D.7323, D.7322,
 230:.\stm32f4periph\src/misc.c ****   }
ARM GAS  C:\Users\Kevin\AppData\Local\Temp\ccSrL0Ik.s 			page 10


 231:.\stm32f4periph\src/misc.c ****   else
 232:.\stm32f4periph\src/misc.c ****   {
 233:.\stm32f4periph\src/misc.c ****     SysTick->CTRL &= SysTick_CLKSource_HCLK_Div8;
 274              		.loc 1 233 0
 275 00b4 22F00402 		bicne	r2, r2, #4	@ D.7326, D.7325,
 276 00b8 1A60     		str	r2, [r3, #0]	@ D.7326,
 277 00ba 7047     		bx	lr	@
 278              	.L24:
 279              		.align	2
 280              	.L23:
 281 00bc 10E000E0 		.word	-536813552
 282              		.cfi_endproc
 283              	.LFE114:
 284              		.size	SysTick_CLKSourceConfig, .-SysTick_CLKSourceConfig
 285              	.Letext0:
 286              		.file 2 "k:\\electronics\\gcc\\bin\\../lib/gcc/arm-none-eabi/4.7.2/../../../../arm-none-eabi/inclu
 287              		.file 3 ".\\inc/core_cm4.h"
 288              		.file 4 ".\\inc/stm32f4xx.h"
 289              		.file 5 ".\\stm32f4periph\\inc/misc.h"
 290              		.section	.debug_info,"",%progbits
 291              	.Ldebug_info0:
 292 0000 8D050000 		.4byte	0x58d
 293 0004 0200     		.2byte	0x2
 294 0006 00000000 		.4byte	.Ldebug_abbrev0
 295 000a 04       		.byte	0x4
 296 000b 01       		.uleb128 0x1
 297 000c 67010000 		.4byte	.LASF68
 298 0010 01       		.byte	0x1
 299 0011 03020000 		.4byte	.LASF69
 300 0015 F4020000 		.4byte	.LASF70
 301 0019 00000000 		.4byte	.Ltext0
 302 001d C0000000 		.4byte	.Letext0
 303 0021 00000000 		.4byte	.Ldebug_line0
 304 0025 02       		.uleb128 0x2
 305 0026 01       		.byte	0x1
 306 0027 06       		.byte	0x6
 307 0028 2B010000 		.4byte	.LASF0
 308 002c 03       		.uleb128 0x3
 309 002d 9C000000 		.4byte	.LASF4
 310 0031 02       		.byte	0x2
 311 0032 2A       		.byte	0x2a
 312 0033 37000000 		.4byte	0x37
 313 0037 02       		.uleb128 0x2
 314 0038 01       		.byte	0x1
 315 0039 08       		.byte	0x8
 316 003a FF000000 		.4byte	.LASF1
 317 003e 02       		.uleb128 0x2
 318 003f 02       		.byte	0x2
 319 0040 05       		.byte	0x5
 320 0041 6D000000 		.4byte	.LASF2
 321 0045 02       		.uleb128 0x2
 322 0046 02       		.byte	0x2
 323 0047 07       		.byte	0x7
 324 0048 B8010000 		.4byte	.LASF3
 325 004c 03       		.uleb128 0x3
 326 004d DC010000 		.4byte	.LASF5
 327 0051 02       		.byte	0x2
ARM GAS  C:\Users\Kevin\AppData\Local\Temp\ccSrL0Ik.s 			page 11


 328 0052 4F       		.byte	0x4f
 329 0053 57000000 		.4byte	0x57
 330 0057 02       		.uleb128 0x2
 331 0058 04       		.byte	0x4
 332 0059 05       		.byte	0x5
 333 005a EB000000 		.4byte	.LASF6
 334 005e 03       		.uleb128 0x3
 335 005f 00000000 		.4byte	.LASF7
 336 0063 02       		.byte	0x2
 337 0064 50       		.byte	0x50
 338 0065 69000000 		.4byte	0x69
 339 0069 02       		.uleb128 0x2
 340 006a 04       		.byte	0x4
 341 006b 07       		.byte	0x7
 342 006c 75020000 		.4byte	.LASF8
 343 0070 02       		.uleb128 0x2
 344 0071 08       		.byte	0x8
 345 0072 05       		.byte	0x5
 346 0073 D1000000 		.4byte	.LASF9
 347 0077 02       		.uleb128 0x2
 348 0078 08       		.byte	0x8
 349 0079 07       		.byte	0x7
 350 007a 37010000 		.4byte	.LASF10
 351 007e 04       		.uleb128 0x4
 352 007f 04       		.byte	0x4
 353 0080 05       		.byte	0x5
 354 0081 696E7400 		.ascii	"int\000"
 355 0085 02       		.uleb128 0x2
 356 0086 04       		.byte	0x4
 357 0087 07       		.byte	0x7
 358 0088 5A010000 		.4byte	.LASF11
 359 008c 05       		.uleb128 0x5
 360 008d 040E     		.2byte	0xe04
 361 008f 03       		.byte	0x3
 362 0090 2F01     		.2byte	0x12f
 363 0092 64010000 		.4byte	0x164
 364 0096 06       		.uleb128 0x6
 365 0097 97000000 		.4byte	.LASF12
 366 009b 03       		.byte	0x3
 367 009c 3101     		.2byte	0x131
 368 009e 7B010000 		.4byte	0x17b
 369 00a2 02       		.byte	0x2
 370 00a3 23       		.byte	0x23
 371 00a4 00       		.uleb128 0
 372 00a5 06       		.uleb128 0x6
 373 00a6 43020000 		.4byte	.LASF13
 374 00aa 03       		.byte	0x3
 375 00ab 3201     		.2byte	0x132
 376 00ad 80010000 		.4byte	0x180
 377 00b1 02       		.byte	0x2
 378 00b2 23       		.byte	0x23
 379 00b3 20       		.uleb128 0x20
 380 00b4 06       		.uleb128 0x6
 381 00b5 73010000 		.4byte	.LASF14
 382 00b9 03       		.byte	0x3
 383 00ba 3301     		.2byte	0x133
 384 00bc 90010000 		.4byte	0x190
ARM GAS  C:\Users\Kevin\AppData\Local\Temp\ccSrL0Ik.s 			page 12


 385 00c0 03       		.byte	0x3
 386 00c1 23       		.byte	0x23
 387 00c2 8001     		.uleb128 0x80
 388 00c4 06       		.uleb128 0x6
 389 00c5 C8000000 		.4byte	.LASF15
 390 00c9 03       		.byte	0x3
 391 00ca 3401     		.2byte	0x134
 392 00cc 80010000 		.4byte	0x180
 393 00d0 03       		.byte	0x3
 394 00d1 23       		.byte	0x23
 395 00d2 A001     		.uleb128 0xa0
 396 00d4 06       		.uleb128 0x6
 397 00d5 E9010000 		.4byte	.LASF16
 398 00d9 03       		.byte	0x3
 399 00da 3501     		.2byte	0x135
 400 00dc 95010000 		.4byte	0x195
 401 00e0 03       		.byte	0x3
 402 00e1 23       		.byte	0x23
 403 00e2 8002     		.uleb128 0x100
 404 00e4 06       		.uleb128 0x6
 405 00e5 4D020000 		.4byte	.LASF17
 406 00e9 03       		.byte	0x3
 407 00ea 3601     		.2byte	0x136
 408 00ec 80010000 		.4byte	0x180
 409 00f0 03       		.byte	0x3
 410 00f1 23       		.byte	0x23
 411 00f2 A002     		.uleb128 0x120
 412 00f4 06       		.uleb128 0x6
 413 00f5 26010000 		.4byte	.LASF18
 414 00f9 03       		.byte	0x3
 415 00fa 3701     		.2byte	0x137
 416 00fc 9A010000 		.4byte	0x19a
 417 0100 03       		.byte	0x3
 418 0101 23       		.byte	0x23
 419 0102 8003     		.uleb128 0x180
 420 0104 06       		.uleb128 0x6
 421 0105 57020000 		.4byte	.LASF19
 422 0109 03       		.byte	0x3
 423 010a 3801     		.2byte	0x138
 424 010c 80010000 		.4byte	0x180
 425 0110 03       		.byte	0x3
 426 0111 23       		.byte	0x23
 427 0112 A003     		.uleb128 0x1a0
 428 0114 06       		.uleb128 0x6
 429 0115 09000000 		.4byte	.LASF20
 430 0119 03       		.byte	0x3
 431 011a 3901     		.2byte	0x139
 432 011c 9F010000 		.4byte	0x19f
 433 0120 03       		.byte	0x3
 434 0121 23       		.byte	0x23
 435 0122 8004     		.uleb128 0x200
 436 0124 06       		.uleb128 0x6
 437 0125 61020000 		.4byte	.LASF21
 438 0129 03       		.byte	0x3
 439 012a 3A01     		.2byte	0x13a
 440 012c A4010000 		.4byte	0x1a4
 441 0130 03       		.byte	0x3
ARM GAS  C:\Users\Kevin\AppData\Local\Temp\ccSrL0Ik.s 			page 13


 442 0131 23       		.byte	0x23
 443 0132 A004     		.uleb128 0x220
 444 0134 07       		.uleb128 0x7
 445 0135 495000   		.ascii	"IP\000"
 446 0138 03       		.byte	0x3
 447 0139 3B01     		.2byte	0x13b
 448 013b C4010000 		.4byte	0x1c4
 449 013f 03       		.byte	0x3
 450 0140 23       		.byte	0x23
 451 0141 8006     		.uleb128 0x300
 452 0143 06       		.uleb128 0x6
 453 0144 6B020000 		.4byte	.LASF22
 454 0148 03       		.byte	0x3
 455 0149 3C01     		.2byte	0x13c
 456 014b C9010000 		.4byte	0x1c9
 457 014f 03       		.byte	0x3
 458 0150 23       		.byte	0x23
 459 0151 F007     		.uleb128 0x3f0
 460 0153 06       		.uleb128 0x6
 461 0154 B6000000 		.4byte	.LASF23
 462 0158 03       		.byte	0x3
 463 0159 3D01     		.2byte	0x13d
 464 015b DA010000 		.4byte	0x1da
 465 015f 03       		.byte	0x3
 466 0160 23       		.byte	0x23
 467 0161 801C     		.uleb128 0xe00
 468 0163 00       		.byte	0
 469 0164 08       		.uleb128 0x8
 470 0165 5E000000 		.4byte	0x5e
 471 0169 74010000 		.4byte	0x174
 472 016d 09       		.uleb128 0x9
 473 016e 74010000 		.4byte	0x174
 474 0172 07       		.byte	0x7
 475 0173 00       		.byte	0
 476 0174 02       		.uleb128 0x2
 477 0175 04       		.byte	0x4
 478 0176 07       		.byte	0x7
 479 0177 77000000 		.4byte	.LASF24
 480 017b 0A       		.uleb128 0xa
 481 017c 64010000 		.4byte	0x164
 482 0180 08       		.uleb128 0x8
 483 0181 5E000000 		.4byte	0x5e
 484 0185 90010000 		.4byte	0x190
 485 0189 09       		.uleb128 0x9
 486 018a 74010000 		.4byte	0x174
 487 018e 17       		.byte	0x17
 488 018f 00       		.byte	0
 489 0190 0A       		.uleb128 0xa
 490 0191 64010000 		.4byte	0x164
 491 0195 0A       		.uleb128 0xa
 492 0196 64010000 		.4byte	0x164
 493 019a 0A       		.uleb128 0xa
 494 019b 64010000 		.4byte	0x164
 495 019f 0A       		.uleb128 0xa
 496 01a0 64010000 		.4byte	0x164
 497 01a4 08       		.uleb128 0x8
 498 01a5 5E000000 		.4byte	0x5e
ARM GAS  C:\Users\Kevin\AppData\Local\Temp\ccSrL0Ik.s 			page 14


 499 01a9 B4010000 		.4byte	0x1b4
 500 01ad 09       		.uleb128 0x9
 501 01ae 74010000 		.4byte	0x174
 502 01b2 37       		.byte	0x37
 503 01b3 00       		.byte	0
 504 01b4 08       		.uleb128 0x8
 505 01b5 2C000000 		.4byte	0x2c
 506 01b9 C4010000 		.4byte	0x1c4
 507 01bd 09       		.uleb128 0x9
 508 01be 74010000 		.4byte	0x174
 509 01c2 EF       		.byte	0xef
 510 01c3 00       		.byte	0
 511 01c4 0A       		.uleb128 0xa
 512 01c5 B4010000 		.4byte	0x1b4
 513 01c9 08       		.uleb128 0x8
 514 01ca 5E000000 		.4byte	0x5e
 515 01ce DA010000 		.4byte	0x1da
 516 01d2 0B       		.uleb128 0xb
 517 01d3 74010000 		.4byte	0x174
 518 01d7 8302     		.2byte	0x283
 519 01d9 00       		.byte	0
 520 01da 0A       		.uleb128 0xa
 521 01db 5E000000 		.4byte	0x5e
 522 01df 0C       		.uleb128 0xc
 523 01e0 87020000 		.4byte	.LASF25
 524 01e4 03       		.byte	0x3
 525 01e5 3E01     		.2byte	0x13e
 526 01e7 8C000000 		.4byte	0x8c
 527 01eb 0D       		.uleb128 0xd
 528 01ec 8C       		.byte	0x8c
 529 01ed 03       		.byte	0x3
 530 01ee 4F01     		.2byte	0x14f
 531 01f0 31030000 		.4byte	0x331
 532 01f4 06       		.uleb128 0x6
 533 01f5 91000000 		.4byte	.LASF26
 534 01f9 03       		.byte	0x3
 535 01fa 5101     		.2byte	0x151
 536 01fc 31030000 		.4byte	0x331
 537 0200 02       		.byte	0x2
 538 0201 23       		.byte	0x23
 539 0202 00       		.uleb128 0
 540 0203 06       		.uleb128 0x6
 541 0204 C3000000 		.4byte	.LASF27
 542 0208 03       		.byte	0x3
 543 0209 5201     		.2byte	0x152
 544 020b DA010000 		.4byte	0x1da
 545 020f 02       		.byte	0x2
 546 0210 23       		.byte	0x23
 547 0211 04       		.uleb128 0x4
 548 0212 06       		.uleb128 0x6
 549 0213 D7010000 		.4byte	.LASF28
 550 0217 03       		.byte	0x3
 551 0218 5301     		.2byte	0x153
 552 021a DA010000 		.4byte	0x1da
 553 021e 02       		.byte	0x2
 554 021f 23       		.byte	0x23
 555 0220 08       		.uleb128 0x8
ARM GAS  C:\Users\Kevin\AppData\Local\Temp\ccSrL0Ik.s 			page 15


 556 0221 06       		.uleb128 0x6
 557 0222 F9000000 		.4byte	.LASF29
 558 0226 03       		.byte	0x3
 559 0227 5401     		.2byte	0x154
 560 0229 DA010000 		.4byte	0x1da
 561 022d 02       		.byte	0x2
 562 022e 23       		.byte	0x23
 563 022f 0C       		.uleb128 0xc
 564 0230 07       		.uleb128 0x7
 565 0231 53435200 		.ascii	"SCR\000"
 566 0235 03       		.byte	0x3
 567 0236 5501     		.2byte	0x155
 568 0238 DA010000 		.4byte	0x1da
 569 023c 02       		.byte	0x2
 570 023d 23       		.byte	0x23
 571 023e 10       		.uleb128 0x10
 572 023f 07       		.uleb128 0x7
 573 0240 43435200 		.ascii	"CCR\000"
 574 0244 03       		.byte	0x3
 575 0245 5601     		.2byte	0x156
 576 0247 DA010000 		.4byte	0x1da
 577 024b 02       		.byte	0x2
 578 024c 23       		.byte	0x23
 579 024d 14       		.uleb128 0x14
 580 024e 07       		.uleb128 0x7
 581 024f 53485000 		.ascii	"SHP\000"
 582 0253 03       		.byte	0x3
 583 0254 5701     		.2byte	0x157
 584 0256 46030000 		.4byte	0x346
 585 025a 02       		.byte	0x2
 586 025b 23       		.byte	0x23
 587 025c 18       		.uleb128 0x18
 588 025d 06       		.uleb128 0x6
 589 025e 54010000 		.4byte	.LASF30
 590 0262 03       		.byte	0x3
 591 0263 5801     		.2byte	0x158
 592 0265 DA010000 		.4byte	0x1da
 593 0269 02       		.byte	0x2
 594 026a 23       		.byte	0x23
 595 026b 24       		.uleb128 0x24
 596 026c 06       		.uleb128 0x6
 597 026d F4000000 		.4byte	.LASF31
 598 0271 03       		.byte	0x3
 599 0272 5901     		.2byte	0x159
 600 0274 DA010000 		.4byte	0x1da
 601 0278 02       		.byte	0x2
 602 0279 23       		.byte	0x23
 603 027a 28       		.uleb128 0x28
 604 027b 06       		.uleb128 0x6
 605 027c 39020000 		.4byte	.LASF32
 606 0280 03       		.byte	0x3
 607 0281 5A01     		.2byte	0x15a
 608 0283 DA010000 		.4byte	0x1da
 609 0287 02       		.byte	0x2
 610 0288 23       		.byte	0x23
 611 0289 2C       		.uleb128 0x2c
 612 028a 06       		.uleb128 0x6
ARM GAS  C:\Users\Kevin\AppData\Local\Temp\ccSrL0Ik.s 			page 16


 613 028b EE010000 		.4byte	.LASF33
 614 028f 03       		.byte	0x3
 615 0290 5B01     		.2byte	0x15b
 616 0292 DA010000 		.4byte	0x1da
 617 0296 02       		.byte	0x2
 618 0297 23       		.byte	0x23
 619 0298 30       		.uleb128 0x30
 620 0299 06       		.uleb128 0x6
 621 029a 67000000 		.4byte	.LASF34
 622 029e 03       		.byte	0x3
 623 029f 5C01     		.2byte	0x15c
 624 02a1 DA010000 		.4byte	0x1da
 625 02a5 02       		.byte	0x2
 626 02a6 23       		.byte	0x23
 627 02a7 34       		.uleb128 0x34
 628 02a8 06       		.uleb128 0x6
 629 02a9 E6000000 		.4byte	.LASF35
 630 02ad 03       		.byte	0x3
 631 02ae 5D01     		.2byte	0x15d
 632 02b0 DA010000 		.4byte	0x1da
 633 02b4 02       		.byte	0x2
 634 02b5 23       		.byte	0x23
 635 02b6 38       		.uleb128 0x38
 636 02b7 06       		.uleb128 0x6
 637 02b8 E2020000 		.4byte	.LASF36
 638 02bc 03       		.byte	0x3
 639 02bd 5E01     		.2byte	0x15e
 640 02bf DA010000 		.4byte	0x1da
 641 02c3 02       		.byte	0x2
 642 02c4 23       		.byte	0x23
 643 02c5 3C       		.uleb128 0x3c
 644 02c6 07       		.uleb128 0x7
 645 02c7 50465200 		.ascii	"PFR\000"
 646 02cb 03       		.byte	0x3
 647 02cc 5F01     		.2byte	0x15f
 648 02ce 5B030000 		.4byte	0x35b
 649 02d2 02       		.byte	0x2
 650 02d3 23       		.byte	0x23
 651 02d4 40       		.uleb128 0x40
 652 02d5 07       		.uleb128 0x7
 653 02d6 44465200 		.ascii	"DFR\000"
 654 02da 03       		.byte	0x3
 655 02db 6001     		.2byte	0x160
 656 02dd 31030000 		.4byte	0x331
 657 02e1 02       		.byte	0x2
 658 02e2 23       		.byte	0x23
 659 02e3 48       		.uleb128 0x48
 660 02e4 07       		.uleb128 0x7
 661 02e5 41445200 		.ascii	"ADR\000"
 662 02e9 03       		.byte	0x3
 663 02ea 6101     		.2byte	0x161
 664 02ec 31030000 		.4byte	0x331
 665 02f0 02       		.byte	0x2
 666 02f1 23       		.byte	0x23
 667 02f2 4C       		.uleb128 0x4c
 668 02f3 06       		.uleb128 0x6
 669 02f4 3E020000 		.4byte	.LASF37
ARM GAS  C:\Users\Kevin\AppData\Local\Temp\ccSrL0Ik.s 			page 17


 670 02f8 03       		.byte	0x3
 671 02f9 6201     		.2byte	0x162
 672 02fb 75030000 		.4byte	0x375
 673 02ff 02       		.byte	0x2
 674 0300 23       		.byte	0x23
 675 0301 50       		.uleb128 0x50
 676 0302 06       		.uleb128 0x6
 677 0303 E4010000 		.4byte	.LASF38
 678 0307 03       		.byte	0x3
 679 0308 6301     		.2byte	0x163
 680 030a 8F030000 		.4byte	0x38f
 681 030e 02       		.byte	0x2
 682 030f 23       		.byte	0x23
 683 0310 60       		.uleb128 0x60
 684 0311 06       		.uleb128 0x6
 685 0312 43020000 		.4byte	.LASF13
 686 0316 03       		.byte	0x3
 687 0317 6401     		.2byte	0x164
 688 0319 7F030000 		.4byte	0x37f
 689 031d 02       		.byte	0x2
 690 031e 23       		.byte	0x23
 691 031f 74       		.uleb128 0x74
 692 0320 06       		.uleb128 0x6
 693 0321 0E030000 		.4byte	.LASF39
 694 0325 03       		.byte	0x3
 695 0326 6501     		.2byte	0x165
 696 0328 DA010000 		.4byte	0x1da
 697 032c 03       		.byte	0x3
 698 032d 23       		.byte	0x23
 699 032e 8801     		.uleb128 0x88
 700 0330 00       		.byte	0
 701 0331 0E       		.uleb128 0xe
 702 0332 DA010000 		.4byte	0x1da
 703 0336 08       		.uleb128 0x8
 704 0337 2C000000 		.4byte	0x2c
 705 033b 46030000 		.4byte	0x346
 706 033f 09       		.uleb128 0x9
 707 0340 74010000 		.4byte	0x174
 708 0344 0B       		.byte	0xb
 709 0345 00       		.byte	0
 710 0346 0A       		.uleb128 0xa
 711 0347 36030000 		.4byte	0x336
 712 034b 08       		.uleb128 0x8
 713 034c 5E000000 		.4byte	0x5e
 714 0350 5B030000 		.4byte	0x35b
 715 0354 09       		.uleb128 0x9
 716 0355 74010000 		.4byte	0x174
 717 0359 01       		.byte	0x1
 718 035a 00       		.byte	0
 719 035b 0E       		.uleb128 0xe
 720 035c 60030000 		.4byte	0x360
 721 0360 0A       		.uleb128 0xa
 722 0361 4B030000 		.4byte	0x34b
 723 0365 08       		.uleb128 0x8
 724 0366 5E000000 		.4byte	0x5e
 725 036a 75030000 		.4byte	0x375
 726 036e 09       		.uleb128 0x9
ARM GAS  C:\Users\Kevin\AppData\Local\Temp\ccSrL0Ik.s 			page 18


 727 036f 74010000 		.4byte	0x174
 728 0373 03       		.byte	0x3
 729 0374 00       		.byte	0
 730 0375 0E       		.uleb128 0xe
 731 0376 7A030000 		.4byte	0x37a
 732 037a 0A       		.uleb128 0xa
 733 037b 65030000 		.4byte	0x365
 734 037f 08       		.uleb128 0x8
 735 0380 5E000000 		.4byte	0x5e
 736 0384 8F030000 		.4byte	0x38f
 737 0388 09       		.uleb128 0x9
 738 0389 74010000 		.4byte	0x174
 739 038d 04       		.byte	0x4
 740 038e 00       		.byte	0
 741 038f 0E       		.uleb128 0xe
 742 0390 94030000 		.4byte	0x394
 743 0394 0A       		.uleb128 0xa
 744 0395 7F030000 		.4byte	0x37f
 745 0399 0C       		.uleb128 0xc
 746 039a A4000000 		.4byte	.LASF40
 747 039e 03       		.byte	0x3
 748 039f 6601     		.2byte	0x166
 749 03a1 EB010000 		.4byte	0x1eb
 750 03a5 0D       		.uleb128 0xd
 751 03a6 10       		.byte	0x10
 752 03a7 03       		.byte	0x3
 753 03a8 4E02     		.2byte	0x24e
 754 03aa EB030000 		.4byte	0x3eb
 755 03ae 06       		.uleb128 0x6
 756 03af 0D010000 		.4byte	.LASF41
 757 03b3 03       		.byte	0x3
 758 03b4 5002     		.2byte	0x250
 759 03b6 DA010000 		.4byte	0x1da
 760 03ba 02       		.byte	0x2
 761 03bb 23       		.byte	0x23
 762 03bc 00       		.uleb128 0
 763 03bd 06       		.uleb128 0x6
 764 03be DD020000 		.4byte	.LASF42
 765 03c2 03       		.byte	0x3
 766 03c3 5102     		.2byte	0x251
 767 03c5 DA010000 		.4byte	0x1da
 768 03c9 02       		.byte	0x2
 769 03ca 23       		.byte	0x23
 770 03cb 04       		.uleb128 0x4
 771 03cc 07       		.uleb128 0x7
 772 03cd 56414C00 		.ascii	"VAL\000"
 773 03d1 03       		.byte	0x3
 774 03d2 5202     		.2byte	0x252
 775 03d4 DA010000 		.4byte	0x1da
 776 03d8 02       		.byte	0x2
 777 03d9 23       		.byte	0x23
 778 03da 08       		.uleb128 0x8
 779 03db 06       		.uleb128 0x6
 780 03dc 4E010000 		.4byte	.LASF43
 781 03e0 03       		.byte	0x3
 782 03e1 5302     		.2byte	0x253
 783 03e3 31030000 		.4byte	0x331
ARM GAS  C:\Users\Kevin\AppData\Local\Temp\ccSrL0Ik.s 			page 19


 784 03e7 02       		.byte	0x2
 785 03e8 23       		.byte	0x23
 786 03e9 0C       		.uleb128 0xc
 787 03ea 00       		.byte	0
 788 03eb 0C       		.uleb128 0xc
 789 03ec AB010000 		.4byte	.LASF44
 790 03f0 03       		.byte	0x3
 791 03f1 5402     		.2byte	0x254
 792 03f3 A5030000 		.4byte	0x3a5
 793 03f7 0A       		.uleb128 0xa
 794 03f8 4C000000 		.4byte	0x4c
 795 03fc 0F       		.uleb128 0xf
 796 03fd 01       		.byte	0x1
 797 03fe 04       		.byte	0x4
 798 03ff 2001     		.2byte	0x120
 799 0401 12040000 		.4byte	0x412
 800 0405 10       		.uleb128 0x10
 801 0406 BB000000 		.4byte	.LASF45
 802 040a 00       		.sleb128 0
 803 040b 10       		.uleb128 0x10
 804 040c 14030000 		.4byte	.LASF46
 805 0410 01       		.sleb128 1
 806 0411 00       		.byte	0
 807 0412 0C       		.uleb128 0xc
 808 0413 B3020000 		.4byte	.LASF47
 809 0417 04       		.byte	0x4
 810 0418 2001     		.2byte	0x120
 811 041a FC030000 		.4byte	0x3fc
 812 041e 11       		.uleb128 0x11
 813 041f 04       		.byte	0x4
 814 0420 05       		.byte	0x5
 815 0421 36       		.byte	0x36
 816 0422 5F040000 		.4byte	0x45f
 817 0426 12       		.uleb128 0x12
 818 0427 F3010000 		.4byte	.LASF48
 819 042b 05       		.byte	0x5
 820 042c 38       		.byte	0x38
 821 042d 2C000000 		.4byte	0x2c
 822 0431 02       		.byte	0x2
 823 0432 23       		.byte	0x23
 824 0433 00       		.uleb128 0
 825 0434 12       		.uleb128 0x12
 826 0435 91020000 		.4byte	.LASF49
 827 0439 05       		.byte	0x5
 828 043a 3D       		.byte	0x3d
 829 043b 2C000000 		.4byte	0x2c
 830 043f 02       		.byte	0x2
 831 0440 23       		.byte	0x23
 832 0441 01       		.uleb128 0x1
 833 0442 12       		.uleb128 0x12
 834 0443 1E020000 		.4byte	.LASF50
 835 0447 05       		.byte	0x5
 836 0448 42       		.byte	0x42
 837 0449 2C000000 		.4byte	0x2c
 838 044d 02       		.byte	0x2
 839 044e 23       		.byte	0x23
 840 044f 02       		.uleb128 0x2
ARM GAS  C:\Users\Kevin\AppData\Local\Temp\ccSrL0Ik.s 			page 20


 841 0450 12       		.uleb128 0x12
 842 0451 1F000000 		.4byte	.LASF51
 843 0455 05       		.byte	0x5
 844 0456 47       		.byte	0x47
 845 0457 12040000 		.4byte	0x412
 846 045b 02       		.byte	0x2
 847 045c 23       		.byte	0x23
 848 045d 03       		.uleb128 0x3
 849 045e 00       		.byte	0
 850 045f 03       		.uleb128 0x3
 851 0460 0E000000 		.4byte	.LASF52
 852 0464 05       		.byte	0x5
 853 0465 4A       		.byte	0x4a
 854 0466 1E040000 		.4byte	0x41e
 855 046a 13       		.uleb128 0x13
 856 046b 01       		.byte	0x1
 857 046c 1B030000 		.4byte	.LASF53
 858 0470 01       		.byte	0x1
 859 0471 76       		.byte	0x76
 860 0472 01       		.byte	0x1
 861 0473 00000000 		.4byte	.LFB110
 862 0477 14000000 		.4byte	.LFE110
 863 047b 02       		.byte	0x2
 864 047c 7D       		.byte	0x7d
 865 047d 00       		.sleb128 0
 866 047e 01       		.byte	0x1
 867 047f 93040000 		.4byte	0x493
 868 0483 14       		.uleb128 0x14
 869 0484 54000000 		.4byte	.LASF55
 870 0488 01       		.byte	0x1
 871 0489 76       		.byte	0x76
 872 048a 5E000000 		.4byte	0x5e
 873 048e 00000000 		.4byte	.LLST0
 874 0492 00       		.byte	0
 875 0493 13       		.uleb128 0x13
 876 0494 01       		.byte	0x1
 877 0495 80000000 		.4byte	.LASF54
 878 0499 01       		.byte	0x1
 879 049a 88       		.byte	0x88
 880 049b 01       		.byte	0x1
 881 049c 14000000 		.4byte	.LFB111
 882 04a0 7C000000 		.4byte	.LFE111
 883 04a4 02       		.byte	0x2
 884 04a5 7D       		.byte	0x7d
 885 04a6 00       		.sleb128 0
 886 04a7 01       		.byte	0x1
 887 04a8 E7040000 		.4byte	0x4e7
 888 04ac 15       		.uleb128 0x15
 889 04ad 44000000 		.4byte	.LASF56
 890 04b1 01       		.byte	0x1
 891 04b2 88       		.byte	0x88
 892 04b3 E7040000 		.4byte	0x4e7
 893 04b7 01       		.byte	0x1
 894 04b8 50       		.byte	0x50
 895 04b9 16       		.uleb128 0x16
 896 04ba CB010000 		.4byte	.LASF57
 897 04be 01       		.byte	0x1
ARM GAS  C:\Users\Kevin\AppData\Local\Temp\ccSrL0Ik.s 			page 21


 898 04bf 8A       		.byte	0x8a
 899 04c0 2C000000 		.4byte	0x2c
 900 04c4 21000000 		.4byte	.LLST1
 901 04c8 16       		.uleb128 0x16
 902 04c9 8A000000 		.4byte	.LASF58
 903 04cd 01       		.byte	0x1
 904 04ce 8A       		.byte	0x8a
 905 04cf 2C000000 		.4byte	0x2c
 906 04d3 57000000 		.4byte	.LLST2
 907 04d7 16       		.uleb128 0x16
 908 04d8 78010000 		.4byte	.LASF59
 909 04dc 01       		.byte	0x1
 910 04dd 8A       		.byte	0x8a
 911 04de 2C000000 		.4byte	0x2c
 912 04e2 86000000 		.4byte	.LLST3
 913 04e6 00       		.byte	0
 914 04e7 17       		.uleb128 0x17
 915 04e8 04       		.byte	0x4
 916 04e9 5F040000 		.4byte	0x45f
 917 04ed 13       		.uleb128 0x13
 918 04ee 01       		.byte	0x1
 919 04ef 12010000 		.4byte	.LASF60
 920 04f3 01       		.byte	0x1
 921 04f4 B4       		.byte	0xb4
 922 04f5 01       		.byte	0x1
 923 04f6 7C000000 		.4byte	.LFB112
 924 04fa 90000000 		.4byte	.LFE112
 925 04fe 02       		.byte	0x2
 926 04ff 7D       		.byte	0x7d
 927 0500 00       		.sleb128 0
 928 0501 01       		.byte	0x1
 929 0502 25050000 		.4byte	0x525
 930 0506 14       		.uleb128 0x14
 931 0507 D0020000 		.4byte	.LASF61
 932 050b 01       		.byte	0x1
 933 050c B4       		.byte	0xb4
 934 050d 5E000000 		.4byte	0x5e
 935 0511 B5000000 		.4byte	.LLST4
 936 0515 14       		.uleb128 0x14
 937 0516 DF000000 		.4byte	.LASF62
 938 051a 01       		.byte	0x1
 939 051b B4       		.byte	0xb4
 940 051c 5E000000 		.4byte	0x5e
 941 0520 D6000000 		.4byte	.LLST5
 942 0524 00       		.byte	0
 943 0525 13       		.uleb128 0x13
 944 0526 01       		.byte	0x1
 945 0527 7F010000 		.4byte	.LASF63
 946 052b 01       		.byte	0x1
 947 052c C7       		.byte	0xc7
 948 052d 01       		.byte	0x1
 949 052e 90000000 		.4byte	.LFB113
 950 0532 A8000000 		.4byte	.LFE113
 951 0536 02       		.byte	0x2
 952 0537 7D       		.byte	0x7d
 953 0538 00       		.sleb128 0
 954 0539 01       		.byte	0x1
ARM GAS  C:\Users\Kevin\AppData\Local\Temp\ccSrL0Ik.s 			page 22


 955 053a 5B050000 		.4byte	0x55b
 956 053e 14       		.uleb128 0x14
 957 053f E7020000 		.4byte	.LASF64
 958 0543 01       		.byte	0x1
 959 0544 C7       		.byte	0xc7
 960 0545 2C000000 		.4byte	0x2c
 961 0549 F7000000 		.4byte	.LLST6
 962 054d 15       		.uleb128 0x15
 963 054e AD000000 		.4byte	.LASF65
 964 0552 01       		.byte	0x1
 965 0553 C7       		.byte	0xc7
 966 0554 12040000 		.4byte	0x412
 967 0558 01       		.byte	0x1
 968 0559 51       		.byte	0x51
 969 055a 00       		.byte	0
 970 055b 13       		.uleb128 0x13
 971 055c 01       		.byte	0x1
 972 055d 93010000 		.4byte	.LASF66
 973 0561 01       		.byte	0x1
 974 0562 DF       		.byte	0xdf
 975 0563 01       		.byte	0x1
 976 0564 A8000000 		.4byte	.LFB114
 977 0568 C0000000 		.4byte	.LFE114
 978 056c 02       		.byte	0x2
 979 056d 7D       		.byte	0x7d
 980 056e 00       		.sleb128 0
 981 056f 01       		.byte	0x1
 982 0570 82050000 		.4byte	0x582
 983 0574 15       		.uleb128 0x15
 984 0575 32000000 		.4byte	.LASF67
 985 0579 01       		.byte	0x1
 986 057a DF       		.byte	0xdf
 987 057b 5E000000 		.4byte	0x5e
 988 057f 01       		.byte	0x1
 989 0580 50       		.byte	0x50
 990 0581 00       		.byte	0
 991 0582 18       		.uleb128 0x18
 992 0583 C3020000 		.4byte	.LASF71
 993 0587 03       		.byte	0x3
 994 0588 1A05     		.2byte	0x51a
 995 058a F7030000 		.4byte	0x3f7
 996 058e 01       		.byte	0x1
 997 058f 01       		.byte	0x1
 998 0590 00       		.byte	0
 999              		.section	.debug_abbrev,"",%progbits
 1000              	.Ldebug_abbrev0:
 1001 0000 01       		.uleb128 0x1
 1002 0001 11       		.uleb128 0x11
 1003 0002 01       		.byte	0x1
 1004 0003 25       		.uleb128 0x25
 1005 0004 0E       		.uleb128 0xe
 1006 0005 13       		.uleb128 0x13
 1007 0006 0B       		.uleb128 0xb
 1008 0007 03       		.uleb128 0x3
 1009 0008 0E       		.uleb128 0xe
 1010 0009 1B       		.uleb128 0x1b
 1011 000a 0E       		.uleb128 0xe
ARM GAS  C:\Users\Kevin\AppData\Local\Temp\ccSrL0Ik.s 			page 23


 1012 000b 11       		.uleb128 0x11
 1013 000c 01       		.uleb128 0x1
 1014 000d 12       		.uleb128 0x12
 1015 000e 01       		.uleb128 0x1
 1016 000f 10       		.uleb128 0x10
 1017 0010 06       		.uleb128 0x6
 1018 0011 00       		.byte	0
 1019 0012 00       		.byte	0
 1020 0013 02       		.uleb128 0x2
 1021 0014 24       		.uleb128 0x24
 1022 0015 00       		.byte	0
 1023 0016 0B       		.uleb128 0xb
 1024 0017 0B       		.uleb128 0xb
 1025 0018 3E       		.uleb128 0x3e
 1026 0019 0B       		.uleb128 0xb
 1027 001a 03       		.uleb128 0x3
 1028 001b 0E       		.uleb128 0xe
 1029 001c 00       		.byte	0
 1030 001d 00       		.byte	0
 1031 001e 03       		.uleb128 0x3
 1032 001f 16       		.uleb128 0x16
 1033 0020 00       		.byte	0
 1034 0021 03       		.uleb128 0x3
 1035 0022 0E       		.uleb128 0xe
 1036 0023 3A       		.uleb128 0x3a
 1037 0024 0B       		.uleb128 0xb
 1038 0025 3B       		.uleb128 0x3b
 1039 0026 0B       		.uleb128 0xb
 1040 0027 49       		.uleb128 0x49
 1041 0028 13       		.uleb128 0x13
 1042 0029 00       		.byte	0
 1043 002a 00       		.byte	0
 1044 002b 04       		.uleb128 0x4
 1045 002c 24       		.uleb128 0x24
 1046 002d 00       		.byte	0
 1047 002e 0B       		.uleb128 0xb
 1048 002f 0B       		.uleb128 0xb
 1049 0030 3E       		.uleb128 0x3e
 1050 0031 0B       		.uleb128 0xb
 1051 0032 03       		.uleb128 0x3
 1052 0033 08       		.uleb128 0x8
 1053 0034 00       		.byte	0
 1054 0035 00       		.byte	0
 1055 0036 05       		.uleb128 0x5
 1056 0037 13       		.uleb128 0x13
 1057 0038 01       		.byte	0x1
 1058 0039 0B       		.uleb128 0xb
 1059 003a 05       		.uleb128 0x5
 1060 003b 3A       		.uleb128 0x3a
 1061 003c 0B       		.uleb128 0xb
 1062 003d 3B       		.uleb128 0x3b
 1063 003e 05       		.uleb128 0x5
 1064 003f 01       		.uleb128 0x1
 1065 0040 13       		.uleb128 0x13
 1066 0041 00       		.byte	0
 1067 0042 00       		.byte	0
 1068 0043 06       		.uleb128 0x6
ARM GAS  C:\Users\Kevin\AppData\Local\Temp\ccSrL0Ik.s 			page 24


 1069 0044 0D       		.uleb128 0xd
 1070 0045 00       		.byte	0
 1071 0046 03       		.uleb128 0x3
 1072 0047 0E       		.uleb128 0xe
 1073 0048 3A       		.uleb128 0x3a
 1074 0049 0B       		.uleb128 0xb
 1075 004a 3B       		.uleb128 0x3b
 1076 004b 05       		.uleb128 0x5
 1077 004c 49       		.uleb128 0x49
 1078 004d 13       		.uleb128 0x13
 1079 004e 38       		.uleb128 0x38
 1080 004f 0A       		.uleb128 0xa
 1081 0050 00       		.byte	0
 1082 0051 00       		.byte	0
 1083 0052 07       		.uleb128 0x7
 1084 0053 0D       		.uleb128 0xd
 1085 0054 00       		.byte	0
 1086 0055 03       		.uleb128 0x3
 1087 0056 08       		.uleb128 0x8
 1088 0057 3A       		.uleb128 0x3a
 1089 0058 0B       		.uleb128 0xb
 1090 0059 3B       		.uleb128 0x3b
 1091 005a 05       		.uleb128 0x5
 1092 005b 49       		.uleb128 0x49
 1093 005c 13       		.uleb128 0x13
 1094 005d 38       		.uleb128 0x38
 1095 005e 0A       		.uleb128 0xa
 1096 005f 00       		.byte	0
 1097 0060 00       		.byte	0
 1098 0061 08       		.uleb128 0x8
 1099 0062 01       		.uleb128 0x1
 1100 0063 01       		.byte	0x1
 1101 0064 49       		.uleb128 0x49
 1102 0065 13       		.uleb128 0x13
 1103 0066 01       		.uleb128 0x1
 1104 0067 13       		.uleb128 0x13
 1105 0068 00       		.byte	0
 1106 0069 00       		.byte	0
 1107 006a 09       		.uleb128 0x9
 1108 006b 21       		.uleb128 0x21
 1109 006c 00       		.byte	0
 1110 006d 49       		.uleb128 0x49
 1111 006e 13       		.uleb128 0x13
 1112 006f 2F       		.uleb128 0x2f
 1113 0070 0B       		.uleb128 0xb
 1114 0071 00       		.byte	0
 1115 0072 00       		.byte	0
 1116 0073 0A       		.uleb128 0xa
 1117 0074 35       		.uleb128 0x35
 1118 0075 00       		.byte	0
 1119 0076 49       		.uleb128 0x49
 1120 0077 13       		.uleb128 0x13
 1121 0078 00       		.byte	0
 1122 0079 00       		.byte	0
 1123 007a 0B       		.uleb128 0xb
 1124 007b 21       		.uleb128 0x21
 1125 007c 00       		.byte	0
ARM GAS  C:\Users\Kevin\AppData\Local\Temp\ccSrL0Ik.s 			page 25


 1126 007d 49       		.uleb128 0x49
 1127 007e 13       		.uleb128 0x13
 1128 007f 2F       		.uleb128 0x2f
 1129 0080 05       		.uleb128 0x5
 1130 0081 00       		.byte	0
 1131 0082 00       		.byte	0
 1132 0083 0C       		.uleb128 0xc
 1133 0084 16       		.uleb128 0x16
 1134 0085 00       		.byte	0
 1135 0086 03       		.uleb128 0x3
 1136 0087 0E       		.uleb128 0xe
 1137 0088 3A       		.uleb128 0x3a
 1138 0089 0B       		.uleb128 0xb
 1139 008a 3B       		.uleb128 0x3b
 1140 008b 05       		.uleb128 0x5
 1141 008c 49       		.uleb128 0x49
 1142 008d 13       		.uleb128 0x13
 1143 008e 00       		.byte	0
 1144 008f 00       		.byte	0
 1145 0090 0D       		.uleb128 0xd
 1146 0091 13       		.uleb128 0x13
 1147 0092 01       		.byte	0x1
 1148 0093 0B       		.uleb128 0xb
 1149 0094 0B       		.uleb128 0xb
 1150 0095 3A       		.uleb128 0x3a
 1151 0096 0B       		.uleb128 0xb
 1152 0097 3B       		.uleb128 0x3b
 1153 0098 05       		.uleb128 0x5
 1154 0099 01       		.uleb128 0x1
 1155 009a 13       		.uleb128 0x13
 1156 009b 00       		.byte	0
 1157 009c 00       		.byte	0
 1158 009d 0E       		.uleb128 0xe
 1159 009e 26       		.uleb128 0x26
 1160 009f 00       		.byte	0
 1161 00a0 49       		.uleb128 0x49
 1162 00a1 13       		.uleb128 0x13
 1163 00a2 00       		.byte	0
 1164 00a3 00       		.byte	0
 1165 00a4 0F       		.uleb128 0xf
 1166 00a5 04       		.uleb128 0x4
 1167 00a6 01       		.byte	0x1
 1168 00a7 0B       		.uleb128 0xb
 1169 00a8 0B       		.uleb128 0xb
 1170 00a9 3A       		.uleb128 0x3a
 1171 00aa 0B       		.uleb128 0xb
 1172 00ab 3B       		.uleb128 0x3b
 1173 00ac 05       		.uleb128 0x5
 1174 00ad 01       		.uleb128 0x1
 1175 00ae 13       		.uleb128 0x13
 1176 00af 00       		.byte	0
 1177 00b0 00       		.byte	0
 1178 00b1 10       		.uleb128 0x10
 1179 00b2 28       		.uleb128 0x28
 1180 00b3 00       		.byte	0
 1181 00b4 03       		.uleb128 0x3
 1182 00b5 0E       		.uleb128 0xe
ARM GAS  C:\Users\Kevin\AppData\Local\Temp\ccSrL0Ik.s 			page 26


 1183 00b6 1C       		.uleb128 0x1c
 1184 00b7 0D       		.uleb128 0xd
 1185 00b8 00       		.byte	0
 1186 00b9 00       		.byte	0
 1187 00ba 11       		.uleb128 0x11
 1188 00bb 13       		.uleb128 0x13
 1189 00bc 01       		.byte	0x1
 1190 00bd 0B       		.uleb128 0xb
 1191 00be 0B       		.uleb128 0xb
 1192 00bf 3A       		.uleb128 0x3a
 1193 00c0 0B       		.uleb128 0xb
 1194 00c1 3B       		.uleb128 0x3b
 1195 00c2 0B       		.uleb128 0xb
 1196 00c3 01       		.uleb128 0x1
 1197 00c4 13       		.uleb128 0x13
 1198 00c5 00       		.byte	0
 1199 00c6 00       		.byte	0
 1200 00c7 12       		.uleb128 0x12
 1201 00c8 0D       		.uleb128 0xd
 1202 00c9 00       		.byte	0
 1203 00ca 03       		.uleb128 0x3
 1204 00cb 0E       		.uleb128 0xe
 1205 00cc 3A       		.uleb128 0x3a
 1206 00cd 0B       		.uleb128 0xb
 1207 00ce 3B       		.uleb128 0x3b
 1208 00cf 0B       		.uleb128 0xb
 1209 00d0 49       		.uleb128 0x49
 1210 00d1 13       		.uleb128 0x13
 1211 00d2 38       		.uleb128 0x38
 1212 00d3 0A       		.uleb128 0xa
 1213 00d4 00       		.byte	0
 1214 00d5 00       		.byte	0
 1215 00d6 13       		.uleb128 0x13
 1216 00d7 2E       		.uleb128 0x2e
 1217 00d8 01       		.byte	0x1
 1218 00d9 3F       		.uleb128 0x3f
 1219 00da 0C       		.uleb128 0xc
 1220 00db 03       		.uleb128 0x3
 1221 00dc 0E       		.uleb128 0xe
 1222 00dd 3A       		.uleb128 0x3a
 1223 00de 0B       		.uleb128 0xb
 1224 00df 3B       		.uleb128 0x3b
 1225 00e0 0B       		.uleb128 0xb
 1226 00e1 27       		.uleb128 0x27
 1227 00e2 0C       		.uleb128 0xc
 1228 00e3 11       		.uleb128 0x11
 1229 00e4 01       		.uleb128 0x1
 1230 00e5 12       		.uleb128 0x12
 1231 00e6 01       		.uleb128 0x1
 1232 00e7 40       		.uleb128 0x40
 1233 00e8 0A       		.uleb128 0xa
 1234 00e9 9742     		.uleb128 0x2117
 1235 00eb 0C       		.uleb128 0xc
 1236 00ec 01       		.uleb128 0x1
 1237 00ed 13       		.uleb128 0x13
 1238 00ee 00       		.byte	0
 1239 00ef 00       		.byte	0
ARM GAS  C:\Users\Kevin\AppData\Local\Temp\ccSrL0Ik.s 			page 27


 1240 00f0 14       		.uleb128 0x14
 1241 00f1 05       		.uleb128 0x5
 1242 00f2 00       		.byte	0
 1243 00f3 03       		.uleb128 0x3
 1244 00f4 0E       		.uleb128 0xe
 1245 00f5 3A       		.uleb128 0x3a
 1246 00f6 0B       		.uleb128 0xb
 1247 00f7 3B       		.uleb128 0x3b
 1248 00f8 0B       		.uleb128 0xb
 1249 00f9 49       		.uleb128 0x49
 1250 00fa 13       		.uleb128 0x13
 1251 00fb 02       		.uleb128 0x2
 1252 00fc 06       		.uleb128 0x6
 1253 00fd 00       		.byte	0
 1254 00fe 00       		.byte	0
 1255 00ff 15       		.uleb128 0x15
 1256 0100 05       		.uleb128 0x5
 1257 0101 00       		.byte	0
 1258 0102 03       		.uleb128 0x3
 1259 0103 0E       		.uleb128 0xe
 1260 0104 3A       		.uleb128 0x3a
 1261 0105 0B       		.uleb128 0xb
 1262 0106 3B       		.uleb128 0x3b
 1263 0107 0B       		.uleb128 0xb
 1264 0108 49       		.uleb128 0x49
 1265 0109 13       		.uleb128 0x13
 1266 010a 02       		.uleb128 0x2
 1267 010b 0A       		.uleb128 0xa
 1268 010c 00       		.byte	0
 1269 010d 00       		.byte	0
 1270 010e 16       		.uleb128 0x16
 1271 010f 34       		.uleb128 0x34
 1272 0110 00       		.byte	0
 1273 0111 03       		.uleb128 0x3
 1274 0112 0E       		.uleb128 0xe
 1275 0113 3A       		.uleb128 0x3a
 1276 0114 0B       		.uleb128 0xb
 1277 0115 3B       		.uleb128 0x3b
 1278 0116 0B       		.uleb128 0xb
 1279 0117 49       		.uleb128 0x49
 1280 0118 13       		.uleb128 0x13
 1281 0119 02       		.uleb128 0x2
 1282 011a 06       		.uleb128 0x6
 1283 011b 00       		.byte	0
 1284 011c 00       		.byte	0
 1285 011d 17       		.uleb128 0x17
 1286 011e 0F       		.uleb128 0xf
 1287 011f 00       		.byte	0
 1288 0120 0B       		.uleb128 0xb
 1289 0121 0B       		.uleb128 0xb
 1290 0122 49       		.uleb128 0x49
 1291 0123 13       		.uleb128 0x13
 1292 0124 00       		.byte	0
 1293 0125 00       		.byte	0
 1294 0126 18       		.uleb128 0x18
 1295 0127 34       		.uleb128 0x34
 1296 0128 00       		.byte	0
ARM GAS  C:\Users\Kevin\AppData\Local\Temp\ccSrL0Ik.s 			page 28


 1297 0129 03       		.uleb128 0x3
 1298 012a 0E       		.uleb128 0xe
 1299 012b 3A       		.uleb128 0x3a
 1300 012c 0B       		.uleb128 0xb
 1301 012d 3B       		.uleb128 0x3b
 1302 012e 05       		.uleb128 0x5
 1303 012f 49       		.uleb128 0x49
 1304 0130 13       		.uleb128 0x13
 1305 0131 3F       		.uleb128 0x3f
 1306 0132 0C       		.uleb128 0xc
 1307 0133 3C       		.uleb128 0x3c
 1308 0134 0C       		.uleb128 0xc
 1309 0135 00       		.byte	0
 1310 0136 00       		.byte	0
 1311 0137 00       		.byte	0
 1312              		.section	.debug_loc,"",%progbits
 1313              	.Ldebug_loc0:
 1314              	.LLST0:
 1315 0000 00000000 		.4byte	.LVL0-.Ltext0
 1316 0004 04000000 		.4byte	.LVL1-.Ltext0
 1317 0008 0100     		.2byte	0x1
 1318 000a 50       		.byte	0x50
 1319 000b 04000000 		.4byte	.LVL1-.Ltext0
 1320 000f 14000000 		.4byte	.LFE110-.Ltext0
 1321 0013 0400     		.2byte	0x4
 1322 0015 F3       		.byte	0xf3
 1323 0016 01       		.uleb128 0x1
 1324 0017 50       		.byte	0x50
 1325 0018 9F       		.byte	0x9f
 1326 0019 00000000 		.4byte	0
 1327 001d 00000000 		.4byte	0
 1328              	.LLST1:
 1329 0021 14000000 		.4byte	.LVL2-.Ltext0
 1330 0025 24000000 		.4byte	.LVL3-.Ltext0
 1331 0029 0200     		.2byte	0x2
 1332 002b 30       		.byte	0x30
 1333 002c 9F       		.byte	0x9f
 1334 002d 24000000 		.4byte	.LVL3-.Ltext0
 1335 0031 34000000 		.4byte	.LVL4-.Ltext0
 1336 0035 0100     		.2byte	0x1
 1337 0037 53       		.byte	0x53
 1338 0038 38000000 		.4byte	.LVL5-.Ltext0
 1339 003c 50000000 		.4byte	.LVL8-.Ltext0
 1340 0040 0100     		.2byte	0x1
 1341 0042 52       		.byte	0x52
 1342 0043 5C000000 		.4byte	.LVL9-.Ltext0
 1343 0047 6C000000 		.4byte	.LVL10-.Ltext0
 1344 004b 0200     		.2byte	0x2
 1345 004d 30       		.byte	0x30
 1346 004e 9F       		.byte	0x9f
 1347 004f 00000000 		.4byte	0
 1348 0053 00000000 		.4byte	0
 1349              	.LLST2:
 1350 0057 14000000 		.4byte	.LVL2-.Ltext0
 1351 005b 24000000 		.4byte	.LVL3-.Ltext0
 1352 005f 0200     		.2byte	0x2
 1353 0061 30       		.byte	0x30
ARM GAS  C:\Users\Kevin\AppData\Local\Temp\ccSrL0Ik.s 			page 29


 1354 0062 9F       		.byte	0x9f
 1355 0063 24000000 		.4byte	.LVL3-.Ltext0
 1356 0067 34000000 		.4byte	.LVL4-.Ltext0
 1357 006b 0500     		.2byte	0x5
 1358 006d 34       		.byte	0x34
 1359 006e 73       		.byte	0x73
 1360 006f 00       		.sleb128 0
 1361 0070 1C       		.byte	0x1c
 1362 0071 9F       		.byte	0x9f
 1363 0072 5C000000 		.4byte	.LVL9-.Ltext0
 1364 0076 6C000000 		.4byte	.LVL10-.Ltext0
 1365 007a 0200     		.2byte	0x2
 1366 007c 30       		.byte	0x30
 1367 007d 9F       		.byte	0x9f
 1368 007e 00000000 		.4byte	0
 1369 0082 00000000 		.4byte	0
 1370              	.LLST3:
 1371 0086 14000000 		.4byte	.LVL2-.Ltext0
 1372 008a 24000000 		.4byte	.LVL3-.Ltext0
 1373 008e 0200     		.2byte	0x2
 1374 0090 3F       		.byte	0x3f
 1375 0091 9F       		.byte	0x9f
 1376 0092 24000000 		.4byte	.LVL3-.Ltext0
 1377 0096 34000000 		.4byte	.LVL4-.Ltext0
 1378 009a 0500     		.2byte	0x5
 1379 009c 3F       		.byte	0x3f
 1380 009d 73       		.byte	0x73
 1381 009e 00       		.sleb128 0
 1382 009f 26       		.byte	0x26
 1383 00a0 9F       		.byte	0x9f
 1384 00a1 5C000000 		.4byte	.LVL9-.Ltext0
 1385 00a5 6C000000 		.4byte	.LVL10-.Ltext0
 1386 00a9 0200     		.2byte	0x2
 1387 00ab 3F       		.byte	0x3f
 1388 00ac 9F       		.byte	0x9f
 1389 00ad 00000000 		.4byte	0
 1390 00b1 00000000 		.4byte	0
 1391              	.LLST4:
 1392 00b5 7C000000 		.4byte	.LVL11-.Ltext0
 1393 00b9 88000000 		.4byte	.LVL13-.Ltext0
 1394 00bd 0100     		.2byte	0x1
 1395 00bf 50       		.byte	0x50
 1396 00c0 88000000 		.4byte	.LVL13-.Ltext0
 1397 00c4 90000000 		.4byte	.LFE112-.Ltext0
 1398 00c8 0400     		.2byte	0x4
 1399 00ca F3       		.byte	0xf3
 1400 00cb 01       		.uleb128 0x1
 1401 00cc 50       		.byte	0x50
 1402 00cd 9F       		.byte	0x9f
 1403 00ce 00000000 		.4byte	0
 1404 00d2 00000000 		.4byte	0
 1405              	.LLST5:
 1406 00d6 7C000000 		.4byte	.LVL11-.Ltext0
 1407 00da 80000000 		.4byte	.LVL12-.Ltext0
 1408 00de 0100     		.2byte	0x1
 1409 00e0 51       		.byte	0x51
 1410 00e1 80000000 		.4byte	.LVL12-.Ltext0
ARM GAS  C:\Users\Kevin\AppData\Local\Temp\ccSrL0Ik.s 			page 30


 1411 00e5 90000000 		.4byte	.LFE112-.Ltext0
 1412 00e9 0400     		.2byte	0x4
 1413 00eb F3       		.byte	0xf3
 1414 00ec 01       		.uleb128 0x1
 1415 00ed 51       		.byte	0x51
 1416 00ee 9F       		.byte	0x9f
 1417 00ef 00000000 		.4byte	0
 1418 00f3 00000000 		.4byte	0
 1419              	.LLST6:
 1420 00f7 90000000 		.4byte	.LVL14-.Ltext0
 1421 00fb 98000000 		.4byte	.LVL15-.Ltext0
 1422 00ff 0100     		.2byte	0x1
 1423 0101 50       		.byte	0x50
 1424 0102 98000000 		.4byte	.LVL15-.Ltext0
 1425 0106 9A000000 		.4byte	.LVL16-.Ltext0
 1426 010a 0400     		.2byte	0x4
 1427 010c F3       		.byte	0xf3
 1428 010d 01       		.uleb128 0x1
 1429 010e 50       		.byte	0x50
 1430 010f 9F       		.byte	0x9f
 1431 0110 9A000000 		.4byte	.LVL16-.Ltext0
 1432 0114 9E000000 		.4byte	.LVL17-.Ltext0
 1433 0118 0100     		.2byte	0x1
 1434 011a 50       		.byte	0x50
 1435 011b 9E000000 		.4byte	.LVL17-.Ltext0
 1436 011f A8000000 		.4byte	.LFE113-.Ltext0
 1437 0123 0400     		.2byte	0x4
 1438 0125 F3       		.byte	0xf3
 1439 0126 01       		.uleb128 0x1
 1440 0127 50       		.byte	0x50
 1441 0128 9F       		.byte	0x9f
 1442 0129 00000000 		.4byte	0
 1443 012d 00000000 		.4byte	0
 1444              		.section	.debug_aranges,"",%progbits
 1445 0000 1C000000 		.4byte	0x1c
 1446 0004 0200     		.2byte	0x2
 1447 0006 00000000 		.4byte	.Ldebug_info0
 1448 000a 04       		.byte	0x4
 1449 000b 00       		.byte	0
 1450 000c 0000     		.2byte	0
 1451 000e 0000     		.2byte	0
 1452 0010 00000000 		.4byte	.Ltext0
 1453 0014 C0000000 		.4byte	.Letext0-.Ltext0
 1454 0018 00000000 		.4byte	0
 1455 001c 00000000 		.4byte	0
 1456              		.section	.debug_line,"",%progbits
 1457              	.Ldebug_line0:
 1458 0000 18010000 		.section	.debug_str,"MS",%progbits,1
 1458      0200D600 
 1458      00000201 
 1458      FB0E0D00 
 1458      01010101 
 1459              	.LASF7:
 1460 0000 75696E74 		.ascii	"uint32_t\000"
 1460      33325F74 
 1460      00
 1461              	.LASF20:
ARM GAS  C:\Users\Kevin\AppData\Local\Temp\ccSrL0Ik.s 			page 31


 1462 0009 49414252 		.ascii	"IABR\000"
 1462      00
 1463              	.LASF52:
 1464 000e 4E564943 		.ascii	"NVIC_InitTypeDef\000"
 1464      5F496E69 
 1464      74547970 
 1464      65446566 
 1464      00
 1465              	.LASF51:
 1466 001f 4E564943 		.ascii	"NVIC_IRQChannelCmd\000"
 1466      5F495251 
 1466      4368616E 
 1466      6E656C43 
 1466      6D6400
 1467              	.LASF67:
 1468 0032 53797354 		.ascii	"SysTick_CLKSource\000"
 1468      69636B5F 
 1468      434C4B53 
 1468      6F757263 
 1468      6500
 1469              	.LASF56:
 1470 0044 4E564943 		.ascii	"NVIC_InitStruct\000"
 1470      5F496E69 
 1470      74537472 
 1470      75637400 
 1471              	.LASF55:
 1472 0054 4E564943 		.ascii	"NVIC_PriorityGroup\000"
 1472      5F507269 
 1472      6F726974 
 1472      7947726F 
 1472      757000
 1473              	.LASF34:
 1474 0067 4D4D4641 		.ascii	"MMFAR\000"
 1474      5200
 1475              	.LASF2:
 1476 006d 73686F72 		.ascii	"short int\000"
 1476      7420696E 
 1476      7400
 1477              	.LASF24:
 1478 0077 73697A65 		.ascii	"sizetype\000"
 1478      74797065 
 1478      00
 1479              	.LASF54:
 1480 0080 4E564943 		.ascii	"NVIC_Init\000"
 1480      5F496E69 
 1480      7400
 1481              	.LASF58:
 1482 008a 746D7070 		.ascii	"tmppre\000"
 1482      726500
 1483              	.LASF26:
 1484 0091 43505549 		.ascii	"CPUID\000"
 1484      4400
 1485              	.LASF12:
 1486 0097 49534552 		.ascii	"ISER\000"
 1486      00
 1487              	.LASF4:
 1488 009c 75696E74 		.ascii	"uint8_t\000"
ARM GAS  C:\Users\Kevin\AppData\Local\Temp\ccSrL0Ik.s 			page 32


 1488      385F7400 
 1489              	.LASF40:
 1490 00a4 5343425F 		.ascii	"SCB_Type\000"
 1490      54797065 
 1490      00
 1491              	.LASF65:
 1492 00ad 4E657753 		.ascii	"NewState\000"
 1492      74617465 
 1492      00
 1493              	.LASF23:
 1494 00b6 53544952 		.ascii	"STIR\000"
 1494      00
 1495              	.LASF45:
 1496 00bb 44495341 		.ascii	"DISABLE\000"
 1496      424C4500 
 1497              	.LASF27:
 1498 00c3 49435352 		.ascii	"ICSR\000"
 1498      00
 1499              	.LASF15:
 1500 00c8 52534552 		.ascii	"RSERVED1\000"
 1500      56454431 
 1500      00
 1501              	.LASF9:
 1502 00d1 6C6F6E67 		.ascii	"long long int\000"
 1502      206C6F6E 
 1502      6720696E 
 1502      7400
 1503              	.LASF62:
 1504 00df 4F666673 		.ascii	"Offset\000"
 1504      657400
 1505              	.LASF35:
 1506 00e6 42464152 		.ascii	"BFAR\000"
 1506      00
 1507              	.LASF6:
 1508 00eb 6C6F6E67 		.ascii	"long int\000"
 1508      20696E74 
 1508      00
 1509              	.LASF31:
 1510 00f4 43465352 		.ascii	"CFSR\000"
 1510      00
 1511              	.LASF29:
 1512 00f9 41495243 		.ascii	"AIRCR\000"
 1512      5200
 1513              	.LASF1:
 1514 00ff 756E7369 		.ascii	"unsigned char\000"
 1514      676E6564 
 1514      20636861 
 1514      7200
 1515              	.LASF41:
 1516 010d 4354524C 		.ascii	"CTRL\000"
 1516      00
 1517              	.LASF60:
 1518 0112 4E564943 		.ascii	"NVIC_SetVectorTable\000"
 1518      5F536574 
 1518      56656374 
 1518      6F725461 
 1518      626C6500 
ARM GAS  C:\Users\Kevin\AppData\Local\Temp\ccSrL0Ik.s 			page 33


 1519              	.LASF18:
 1520 0126 49435052 		.ascii	"ICPR\000"
 1520      00
 1521              	.LASF0:
 1522 012b 7369676E 		.ascii	"signed char\000"
 1522      65642063 
 1522      68617200 
 1523              	.LASF10:
 1524 0137 6C6F6E67 		.ascii	"long long unsigned int\000"
 1524      206C6F6E 
 1524      6720756E 
 1524      7369676E 
 1524      65642069 
 1525              	.LASF43:
 1526 014e 43414C49 		.ascii	"CALIB\000"
 1526      4200
 1527              	.LASF30:
 1528 0154 53484353 		.ascii	"SHCSR\000"
 1528      5200
 1529              	.LASF11:
 1530 015a 756E7369 		.ascii	"unsigned int\000"
 1530      676E6564 
 1530      20696E74 
 1530      00
 1531              	.LASF68:
 1532 0167 474E5520 		.ascii	"GNU C 4.7.2\000"
 1532      4320342E 
 1532      372E3200 
 1533              	.LASF14:
 1534 0173 49434552 		.ascii	"ICER\000"
 1534      00
 1535              	.LASF59:
 1536 0178 746D7073 		.ascii	"tmpsub\000"
 1536      756200
 1537              	.LASF63:
 1538 017f 4E564943 		.ascii	"NVIC_SystemLPConfig\000"
 1538      5F537973 
 1538      74656D4C 
 1538      50436F6E 
 1538      66696700 
 1539              	.LASF66:
 1540 0193 53797354 		.ascii	"SysTick_CLKSourceConfig\000"
 1540      69636B5F 
 1540      434C4B53 
 1540      6F757263 
 1540      65436F6E 
 1541              	.LASF44:
 1542 01ab 53797354 		.ascii	"SysTick_Type\000"
 1542      69636B5F 
 1542      54797065 
 1542      00
 1543              	.LASF3:
 1544 01b8 73686F72 		.ascii	"short unsigned int\000"
 1544      7420756E 
 1544      7369676E 
 1544      65642069 
 1544      6E7400
ARM GAS  C:\Users\Kevin\AppData\Local\Temp\ccSrL0Ik.s 			page 34


 1545              	.LASF57:
 1546 01cb 746D7070 		.ascii	"tmppriority\000"
 1546      72696F72 
 1546      69747900 
 1547              	.LASF28:
 1548 01d7 56544F52 		.ascii	"VTOR\000"
 1548      00
 1549              	.LASF5:
 1550 01dc 696E7433 		.ascii	"int32_t\000"
 1550      325F7400 
 1551              	.LASF38:
 1552 01e4 49534152 		.ascii	"ISAR\000"
 1552      00
 1553              	.LASF16:
 1554 01e9 49535052 		.ascii	"ISPR\000"
 1554      00
 1555              	.LASF33:
 1556 01ee 44465352 		.ascii	"DFSR\000"
 1556      00
 1557              	.LASF48:
 1558 01f3 4E564943 		.ascii	"NVIC_IRQChannel\000"
 1558      5F495251 
 1558      4368616E 
 1558      6E656C00 
 1559              	.LASF69:
 1560 0203 2E5C7374 		.ascii	".\\stm32f4periph\\src\\misc.c\000"
 1560      6D333266 
 1560      34706572 
 1560      6970685C 
 1560      7372635C 
 1561              	.LASF50:
 1562 021e 4E564943 		.ascii	"NVIC_IRQChannelSubPriority\000"
 1562      5F495251 
 1562      4368616E 
 1562      6E656C53 
 1562      75625072 
 1563              	.LASF32:
 1564 0239 48465352 		.ascii	"HFSR\000"
 1564      00
 1565              	.LASF37:
 1566 023e 4D4D4652 		.ascii	"MMFR\000"
 1566      00
 1567              	.LASF13:
 1568 0243 52455345 		.ascii	"RESERVED0\000"
 1568      52564544 
 1568      3000
 1569              	.LASF17:
 1570 024d 52455345 		.ascii	"RESERVED2\000"
 1570      52564544 
 1570      3200
 1571              	.LASF19:
 1572 0257 52455345 		.ascii	"RESERVED3\000"
 1572      52564544 
 1572      3300
 1573              	.LASF21:
 1574 0261 52455345 		.ascii	"RESERVED4\000"
 1574      52564544 
ARM GAS  C:\Users\Kevin\AppData\Local\Temp\ccSrL0Ik.s 			page 35


 1574      3400
 1575              	.LASF22:
 1576 026b 52455345 		.ascii	"RESERVED5\000"
 1576      52564544 
 1576      3500
 1577              	.LASF8:
 1578 0275 6C6F6E67 		.ascii	"long unsigned int\000"
 1578      20756E73 
 1578      69676E65 
 1578      6420696E 
 1578      7400
 1579              	.LASF25:
 1580 0287 4E564943 		.ascii	"NVIC_Type\000"
 1580      5F547970 
 1580      6500
 1581              	.LASF49:
 1582 0291 4E564943 		.ascii	"NVIC_IRQChannelPreemptionPriority\000"
 1582      5F495251 
 1582      4368616E 
 1582      6E656C50 
 1582      7265656D 
 1583              	.LASF47:
 1584 02b3 46756E63 		.ascii	"FunctionalState\000"
 1584      74696F6E 
 1584      616C5374 
 1584      61746500 
 1585              	.LASF71:
 1586 02c3 49544D5F 		.ascii	"ITM_RxBuffer\000"
 1586      52784275 
 1586      66666572 
 1586      00
 1587              	.LASF61:
 1588 02d0 4E564943 		.ascii	"NVIC_VectTab\000"
 1588      5F566563 
 1588      74546162 
 1588      00
 1589              	.LASF42:
 1590 02dd 4C4F4144 		.ascii	"LOAD\000"
 1590      00
 1591              	.LASF36:
 1592 02e2 41465352 		.ascii	"AFSR\000"
 1592      00
 1593              	.LASF64:
 1594 02e7 4C6F7750 		.ascii	"LowPowerMode\000"
 1594      6F776572 
 1594      4D6F6465 
 1594      00
 1595              	.LASF70:
 1596 02f4 443A5C4E 		.ascii	"D:\\NiVek\\Firmware\\NiVek32\000"
 1596      6956656B 
 1596      5C466972 
 1596      6D776172 
 1596      655C4E69 
 1597              	.LASF39:
 1598 030e 43504143 		.ascii	"CPACR\000"
 1598      5200
 1599              	.LASF46:
ARM GAS  C:\Users\Kevin\AppData\Local\Temp\ccSrL0Ik.s 			page 36


 1600 0314 454E4142 		.ascii	"ENABLE\000"
 1600      4C4500
 1601              	.LASF53:
 1602 031b 4E564943 		.ascii	"NVIC_PriorityGroupConfig\000"
 1602      5F507269 
 1602      6F726974 
 1602      7947726F 
 1602      7570436F 
 1603              		.ident	"GCC: (Sourcery CodeBench Lite 2012.09-63) 4.7.2"
ARM GAS  C:\Users\Kevin\AppData\Local\Temp\ccSrL0Ik.s 			page 37


DEFINED SYMBOLS
                            *ABS*:00000000 misc.c
C:\Users\Kevin\AppData\Local\Temp\ccSrL0Ik.s:70     .text:00000000 $t
C:\Users\Kevin\AppData\Local\Temp\ccSrL0Ik.s:75     .text:00000000 NVIC_PriorityGroupConfig
C:\Users\Kevin\AppData\Local\Temp\ccSrL0Ik.s:94     .text:00000010 $d
C:\Users\Kevin\AppData\Local\Temp\ccSrL0Ik.s:98     .text:00000014 $t
C:\Users\Kevin\AppData\Local\Temp\ccSrL0Ik.s:103    .text:00000014 NVIC_Init
C:\Users\Kevin\AppData\Local\Temp\ccSrL0Ik.s:182    .text:00000074 $d
C:\Users\Kevin\AppData\Local\Temp\ccSrL0Ik.s:187    .text:0000007c $t
C:\Users\Kevin\AppData\Local\Temp\ccSrL0Ik.s:192    .text:0000007c NVIC_SetVectorTable
C:\Users\Kevin\AppData\Local\Temp\ccSrL0Ik.s:212    .text:0000008c $d
C:\Users\Kevin\AppData\Local\Temp\ccSrL0Ik.s:216    .text:00000090 $t
C:\Users\Kevin\AppData\Local\Temp\ccSrL0Ik.s:221    .text:00000090 NVIC_SystemLPConfig
C:\Users\Kevin\AppData\Local\Temp\ccSrL0Ik.s:249    .text:000000a4 $d
C:\Users\Kevin\AppData\Local\Temp\ccSrL0Ik.s:253    .text:000000a8 $t
C:\Users\Kevin\AppData\Local\Temp\ccSrL0Ik.s:258    .text:000000a8 SysTick_CLKSourceConfig
C:\Users\Kevin\AppData\Local\Temp\ccSrL0Ik.s:281    .text:000000bc $d
                     .debug_frame:00000010 $d

NO UNDEFINED SYMBOLS
